2014-11-23 07:24:09,T17-VM02-Ubuntu32,24,23
2014-11-23 07:24:10,T17-VM01-Ubuntu32,-1,57
2014-11-23 07:24:15,T17-VM02-Ubuntu32,24,23
2014-11-23 07:24:15,T17-VM01-Ubuntu32,-1,57
2014-11-23 07:24:21,T17-VM02-Ubuntu32,24,23
2014-11-23 07:24:21,T17-VM01-Ubuntu32,-1,57
2014-11-23 07:24:26,T17-VM02-Ubuntu32,24,23
2014-11-23 07:24:26,T17-VM01-Ubuntu32,-1,57
2014-11-23 07:24:32,T17-VM02-Ubuntu32,24,23
2014-11-23 07:24:32,T17-VM01-Ubuntu32,-1,57
2014-11-23 07:24:38,T17-VM01-Ubuntu32,-1,57
2014-11-23 07:24:38,T17-VM02-Ubuntu32,24,23
2014-11-23 07:24:43,T17-VM01-Ubuntu32,-1,57
2014-11-23 07:24:43,T17-VM02-Ubuntu32,24,23
2014-11-23 07:24:54,T17-VM01-Ubuntu32,-1,57
2014-11-23 07:24:54,T17-VM02-Ubuntu32,24,23
2014-11-23 07:24:59,T17-VM02-Ubuntu32,24,23
2014-11-23 07:24:59,T17-VM01-Ubuntu32,-1,57
2014-11-23 07:25:05,T17-VM01-Ubuntu32,-1,57
2014-11-23 07:25:05,T17-VM02-Ubuntu32,24,23
2014-11-23 07:25:11,T17-VM02-Ubuntu32,24,23
2014-11-23 07:25:11,T17-VM01-Ubuntu32,-1,57
2014-11-23 07:25:16,T17-VM01-Ubuntu32,-1,57
2014-11-23 07:25:16,T17-VM02-Ubuntu32,24,23
2014-11-23 07:25:22,T17-VM01-Ubuntu32,-1,57
2014-11-23 07:25:22,T17-VM02-Ubuntu32,24,23
2014-11-23 07:25:28,T17-VM02-Ubuntu32,24,23
2014-11-23 07:25:28,T17-VM01-Ubuntu32,-1,57
2014-11-23 07:25:33,T17-VM02-Ubuntu32,24,23
2014-11-23 07:25:33,T17-VM01-Ubuntu32,-1,57
2014-11-23 07:25:39,T17-VM02-Ubuntu32,24,23
2014-11-23 07:25:39,T17-VM01-Ubuntu32,-1,57
2014-11-23 07:25:44,T17-VM02-Ubuntu32,24,23
2014-11-23 07:25:45,T17-VM01-Ubuntu32,-1,57
2014-11-23 07:25:50,T17-VM02-Ubuntu32,24,23
2014-11-23 07:25:50,T17-VM01-Ubuntu32,-1,57
2014-11-23 07:25:56,T17-VM02-Ubuntu32,24,23
2014-11-23 07:25:56,T17-VM01-Ubuntu32,-1,57
2014-11-23 07:26:01,T17-VM02-Ubuntu32,24,23
2014-11-23 07:26:01,T17-VM01-Ubuntu32,-1,57
2014-11-23 07:26:07,T17-VM02-Ubuntu32,24,23
2014-11-23 07:26:07,T17-VM01-Ubuntu32,-1,57
2014-11-23 07:26:12,T17-VM02-Ubuntu32,24,23
2014-11-23 07:26:12,T17-VM01-Ubuntu32,-1,57
2014-11-23 07:26:18,T17-VM02-Ubuntu32,24,23
2014-11-23 07:26:18,T17-VM01-Ubuntu32,-1,57
2014-11-23 07:26:24,T17-VM01-Ubuntu32,-1,57
2014-11-23 07:26:24,T17-VM02-Ubuntu32,24,23
2014-11-23 07:26:29,T17-VM01-Ubuntu32,-1,57
2014-11-23 07:26:29,T17-VM02-Ubuntu32,24,23
2014-11-23 07:26:35,T17-VM01-Ubuntu32,-1,57
2014-11-23 07:26:35,T17-VM02-Ubuntu32,24,23
2014-11-23 07:26:40,T17-VM01-Ubuntu32,-1,57
2014-11-23 07:26:40,T17-VM02-Ubuntu32,24,23
2014-11-23 07:26:46,T17-VM02-Ubuntu32,24,23
2014-11-23 07:26:46,T17-VM01-Ubuntu32,-1,57
2014-11-23 07:26:52,T17-VM02-Ubuntu32,24,23
2014-11-23 07:26:52,T17-VM01-Ubuntu32,-1,57
2014-11-23 07:26:57,T17-VM02-Ubuntu32,24,23
2014-11-23 07:26:57,T17-VM01-Ubuntu32,-1,57
2014-11-23 07:27:03,T17-VM02-Ubuntu32,24,23
2014-11-23 07:27:03,T17-VM01-Ubuntu32,-1,57
2014-11-23 07:27:08,T17-VM02-Ubuntu32,24,23
2014-11-23 07:27:08,T17-VM01-Ubuntu32,-1,57
2014-11-23 07:27:14,T17-VM01-Ubuntu32,-1,57
2014-11-23 07:27:14,T17-VM02-Ubuntu32,24,23
2014-11-23 07:27:20,T17-VM01-Ubuntu32,-1,57
2014-11-23 07:27:20,T17-VM02-Ubuntu32,24,23
2014-11-23 07:31:13,T17-VM02-Ubuntu32,24,23
2014-11-23 07:31:13,T17-VM01-Ubuntu32,-1,57
2014-11-23 07:31:13,T17-VM04-Ubuntu32,-1,-1
2014-11-23 07:31:13,T17-VM03-Ubuntu32,-1,-1
2014-11-23 07:31:19,T17-VM02-Ubuntu32,24,23
2014-11-23 07:31:19,T17-VM04-Ubuntu32,-1,-1
2014-11-23 07:31:19,T17-VM01-Ubuntu32,-1,57
2014-11-23 07:31:19,T17-VM03-Ubuntu32,-1,-1
2014-11-23 07:31:25,T17-VM02-Ubuntu32,24,23
2014-11-23 07:31:25,T17-VM03-Ubuntu32,-1,-1
2014-11-23 07:31:25,T17-VM04-Ubuntu32,-1,-1
2014-11-23 07:31:25,T17-VM01-Ubuntu32,-1,57
2014-11-23 07:31:31,T17-VM01-Ubuntu32,-1,57
2014-11-23 07:31:31,T17-VM02-Ubuntu32,24,23
2014-11-23 07:31:31,T17-VM03-Ubuntu32,-1,-1
2014-11-23 07:31:31,T17-VM04-Ubuntu32,-1,-1
2014-11-23 07:31:37,T17-VM01-Ubuntu32,-1,57
2014-11-23 07:31:37,T17-VM02-Ubuntu32,24,23
2014-11-23 07:31:37,T17-VM04-Ubuntu32,-1,-1
2014-11-23 07:31:37,T17-VM03-Ubuntu32,-1,-1
2014-11-23 07:31:42,T17-VM01-Ubuntu32,-1,57
2014-11-23 07:31:42,T17-VM03-Ubuntu32,-1,-1
2014-11-23 07:31:43,T17-VM02-Ubuntu32,24,23
2014-11-23 07:31:43,T17-VM04-Ubuntu32,-1,-1
2014-11-23 07:31:48,T17-VM01-Ubuntu32,-1,57
2014-11-23 07:31:48,T17-VM03-Ubuntu32,-1,-1
2014-11-23 07:31:49,T17-VM04-Ubuntu32,-1,-1
2014-11-23 07:31:49,T17-VM02-Ubuntu32,24,23
2014-11-23 07:31:54,T17-VM03-Ubuntu32,-1,-1
2014-11-23 07:31:54,T17-VM01-Ubuntu32,-1,57
2014-11-23 07:31:54,T17-VM02-Ubuntu32,24,23
2014-11-23 07:31:54,T17-VM04-Ubuntu32,-1,-1
2014-11-23 07:32:00,T17-VM03-Ubuntu32,-1,-1
2014-11-23 07:32:00,T17-VM01-Ubuntu32,-1,57
2014-11-23 07:32:00,T17-VM04-Ubuntu32,-1,-1
2014-11-23 07:32:00,T17-VM02-Ubuntu32,24,23
2014-11-23 07:32:05,T17-VM03-Ubuntu32,-1,-1
2014-11-23 07:32:06,T17-VM01-Ubuntu32,-1,57
2014-11-23 07:32:06,T17-VM04-Ubuntu32,-1,-1
2014-11-23 07:32:06,T17-VM02-Ubuntu32,24,23
2014-11-23 07:32:11,T17-VM03-Ubuntu32,-1,-1
2014-11-23 07:32:11,T17-VM01-Ubuntu32,-1,57
2014-11-23 07:32:11,T17-VM04-Ubuntu32,-1,-1
2014-11-23 07:32:11,T17-VM02-Ubuntu32,24,23
2014-11-23 07:32:16,T17-VM03-Ubuntu32,-1,-1
2014-11-23 07:32:17,T17-VM01-Ubuntu32,-1,57
2014-11-23 07:32:17,T17-VM02-Ubuntu32,24,23
2014-11-23 07:32:17,T17-VM04-Ubuntu32,-1,-1
2014-11-23 07:32:22,T17-VM03-Ubuntu32,-1,-1
2014-11-23 07:32:22,T17-VM01-Ubuntu32,-1,57
2014-11-23 07:32:23,T17-VM04-Ubuntu32,-1,-1
2014-11-23 07:32:23,T17-VM02-Ubuntu32,24,23
2014-11-23 07:32:27,T17-VM03-Ubuntu32,-1,-1
2014-11-23 07:32:28,T17-VM01-Ubuntu32,-1,57
2014-11-23 07:32:28,T17-VM02-Ubuntu32,24,23
2014-11-23 07:32:28,T17-VM04-Ubuntu32,-1,-1
2014-11-23 07:32:33,T17-VM03-Ubuntu32,-1,-1
2014-11-23 07:32:34,T17-VM01-Ubuntu32,-1,57
2014-11-23 07:32:34,T17-VM02-Ubuntu32,24,23
2014-11-23 07:32:34,T17-VM04-Ubuntu32,-1,-1
2014-11-23 07:32:38,T17-VM03-Ubuntu32,-1,-1
2014-11-23 07:32:39,T17-VM01-Ubuntu32,-1,57
2014-11-23 07:32:40,T17-VM02-Ubuntu32,24,23
2014-11-23 07:32:40,T17-VM04-Ubuntu32,-1,-1
2014-11-23 07:32:43,T17-VM03-Ubuntu32,-1,-1
2014-11-23 07:32:45,T17-VM01-Ubuntu32,-1,57
2014-11-23 07:32:45,T17-VM02-Ubuntu32,24,23
2014-11-23 07:32:45,T17-VM04-Ubuntu32,-1,-1
2014-11-23 07:32:49,T17-VM03-Ubuntu32,-1,-1
2014-11-23 07:32:51,T17-VM01-Ubuntu32,-1,57
2014-11-23 07:32:51,T17-VM04-Ubuntu32,-1,-1
2014-11-23 07:32:51,T17-VM02-Ubuntu32,24,23
2014-11-23 07:32:54,T17-VM03-Ubuntu32,-1,-1
2014-11-23 07:32:56,T17-VM01-Ubuntu32,-1,57
2014-11-23 07:32:57,T17-VM04-Ubuntu32,-1,-1
2014-11-23 07:32:57,T17-VM02-Ubuntu32,24,23
2014-11-23 07:33:00,T17-VM03-Ubuntu32,-1,-1
2014-11-23 07:33:02,T17-VM01-Ubuntu32,-1,57
2014-11-23 07:33:02,T17-VM04-Ubuntu32,-1,-1
2014-11-23 07:33:02,T17-VM02-Ubuntu32,24,23
2014-11-23 07:33:05,T17-VM03-Ubuntu32,-1,-1
2014-11-23 07:33:07,T17-VM01-Ubuntu32,-1,57
2014-11-23 07:33:08,T17-VM02-Ubuntu32,24,23
2014-11-23 07:33:08,T17-VM04-Ubuntu32,-1,-1
2014-11-23 07:33:11,T17-VM03-Ubuntu32,-1,-1
2014-11-23 07:33:13,T17-VM01-Ubuntu32,-1,57
2014-11-23 07:33:13,T17-VM02-Ubuntu32,24,23
2014-11-23 07:33:13,T17-VM04-Ubuntu32,-1,-1
2014-11-23 07:33:16,T17-VM03-Ubuntu32,-1,-1
2014-11-23 07:33:19,T17-VM01-Ubuntu32,-1,57
2014-11-23 07:33:19,T17-VM02-Ubuntu32,24,23
2014-11-23 07:33:19,T17-VM04-Ubuntu32,-1,-1
2014-11-23 07:33:22,T17-VM03-Ubuntu32,-1,-1
2014-11-23 07:33:24,T17-VM01-Ubuntu32,-1,57
2014-11-23 07:33:25,T17-VM02-Ubuntu32,24,23
2014-11-23 07:33:25,T17-VM04-Ubuntu32,-1,-1
2014-11-23 07:33:27,T17-VM03-Ubuntu32,-1,-1
2014-11-23 07:33:30,T17-VM01-Ubuntu32,-1,57
2014-11-23 07:33:31,T17-VM04-Ubuntu32,-1,-1
2014-11-23 07:33:31,T17-VM02-Ubuntu32,24,23
2014-11-23 07:33:33,T17-VM03-Ubuntu32,-1,-1
2014-11-23 07:33:36,T17-VM01-Ubuntu32,-1,57
2014-11-23 07:33:36,T17-VM04-Ubuntu32,-1,-1
2014-11-23 07:33:36,T17-VM02-Ubuntu32,24,23
2014-11-23 07:33:38,T17-VM03-Ubuntu32,-1,-1
2014-11-23 07:33:42,T17-VM01-Ubuntu32,-1,57
2014-11-23 07:33:42,T17-VM02-Ubuntu32,24,23
2014-11-23 07:33:42,T17-VM04-Ubuntu32,-1,-1
2014-11-23 07:33:44,T17-VM03-Ubuntu32,-1,-1
2014-11-23 07:33:48,T17-VM01-Ubuntu32,-1,57
2014-11-23 07:33:48,T17-VM02-Ubuntu32,24,23
2014-11-23 07:33:48,T17-VM04-Ubuntu32,-1,-1
2014-11-23 07:33:50,T17-VM03-Ubuntu32,-1,-1
2014-11-23 07:33:53,T17-VM01-Ubuntu32,-1,57
2014-11-23 07:33:54,T17-VM02-Ubuntu32,24,23
2014-11-23 07:33:54,T17-VM04-Ubuntu32,-1,-1
2014-11-23 07:33:55,T17-VM03-Ubuntu32,-1,-1
2014-11-23 07:33:59,T17-VM01-Ubuntu32,-1,57
2014-11-23 07:33:59,T17-VM04-Ubuntu32,-1,-1
2014-11-23 07:33:59,T17-VM02-Ubuntu32,24,23
2014-11-23 07:34:01,T17-VM03-Ubuntu32,-1,-1
2014-11-23 07:34:04,T17-VM01-Ubuntu32,-1,57
2014-11-23 07:34:05,T17-VM02-Ubuntu32,24,23
2014-11-23 07:34:05,T17-VM04-Ubuntu32,-1,-1
2014-11-23 07:34:06,T17-VM03-Ubuntu32,-1,-1
2014-11-23 07:34:09,T17-VM01-Ubuntu32,-1,57
2014-11-23 07:34:11,T17-VM02-Ubuntu32,24,23
2014-11-23 07:34:11,T17-VM04-Ubuntu32,-1,-1
2014-11-23 07:34:11,T17-VM03-Ubuntu32,-1,-1
2014-11-23 07:34:15,T17-VM01-Ubuntu32,-1,57
2014-11-23 07:34:16,T17-VM02-Ubuntu32,24,23
2014-11-23 07:34:16,T17-VM04-Ubuntu32,-1,-1
2014-11-23 07:34:17,T17-VM03-Ubuntu32,-1,-1
2014-11-23 07:34:20,T17-VM01-Ubuntu32,-1,57
2014-11-23 07:34:22,T17-VM02-Ubuntu32,24,23
2014-11-23 07:34:22,T17-VM04-Ubuntu32,-1,-1
2014-11-23 07:34:22,T17-VM03-Ubuntu32,-1,-1
2014-11-23 07:34:27,T17-VM01-Ubuntu32,-1,57
2014-11-23 07:34:28,T17-VM04-Ubuntu32,-1,-1
2014-11-23 07:34:28,T17-VM02-Ubuntu32,24,23
2014-11-23 07:34:28,T17-VM03-Ubuntu32,-1,-1
2014-11-23 07:34:32,T17-VM01-Ubuntu32,-1,57
2014-11-23 07:34:33,T17-VM02-Ubuntu32,24,23
2014-11-23 07:34:33,T17-VM04-Ubuntu32,-1,-1
2014-11-23 07:34:33,T17-VM03-Ubuntu32,-1,-1
2014-11-23 07:34:38,T17-VM01-Ubuntu32,-1,57
2014-11-23 07:34:39,T17-VM03-Ubuntu32,-1,-1
2014-11-23 07:34:39,T17-VM02-Ubuntu32,24,23
2014-11-23 07:34:39,T17-VM04-Ubuntu32,-1,-1
2014-11-23 07:34:43,T17-VM01-Ubuntu32,-1,57
2014-11-23 07:34:45,T17-VM03-Ubuntu32,-1,-1
2014-11-23 07:34:45,T17-VM04-Ubuntu32,-1,-1
2014-11-23 07:34:45,T17-VM02-Ubuntu32,24,23
2014-11-23 07:34:49,T17-VM01-Ubuntu32,-1,57
2014-11-23 07:34:50,T17-VM03-Ubuntu32,-1,-1
2014-11-23 07:34:50,T17-VM04-Ubuntu32,-1,-1
2014-11-23 07:34:50,T17-VM02-Ubuntu32,24,23
2014-11-23 07:34:54,T17-VM01-Ubuntu32,-1,57
2014-11-23 07:34:56,T17-VM03-Ubuntu32,-1,-1
2014-11-23 07:34:56,T17-VM02-Ubuntu32,24,23
2014-11-23 07:52:47,T17-VM02-Ubuntu32,22,23,22,22,30
2014-11-23 07:52:47,T17-VM04-Ubuntu32,25,-1,-1,25,28
2014-11-23 07:52:47,T17-VM01-Ubuntu32,69,28,61,81,67
2014-11-23 07:52:47,T17-VM03-Ubuntu32,23,-1,-1,23,29
2014-11-23 07:52:53,T17-VM04-Ubuntu32,22,-1,-1,21,24
2014-11-23 07:52:54,T17-VM03-Ubuntu32,23,-1,-1,22,27
2014-11-23 07:52:54,T17-VM02-Ubuntu32,22,22,21,23,27
2014-11-23 07:52:54,T17-VM01-Ubuntu32,147,33,28,125,69
2014-11-23 07:52:59,T17-VM04-Ubuntu32,22,-1,-1,21,24
2014-11-23 07:52:59,T17-VM03-Ubuntu32,23,-1,-1,22,27
2014-11-23 07:52:59,T17-VM01-Ubuntu32,147,33,28,125,69
2014-11-23 07:53:00,T17-VM02-Ubuntu32,22,22,21,23,27
2014-11-23 07:53:05,T17-VM04-Ubuntu32,22,-1,-1,21,24
2014-11-23 07:53:06,T17-VM02-Ubuntu32,22,22,21,23,27
2014-11-23 07:53:06,T17-VM03-Ubuntu32,23,-1,-1,22,27
2014-11-23 07:53:06,T17-VM01-Ubuntu32,147,33,28,125,69
2014-11-23 07:53:10,T17-VM04-Ubuntu32,25,-1,-1,25,25
2014-11-23 07:53:11,T17-VM02-Ubuntu32,25,21,31,24,23
2014-11-23 07:53:11,T17-VM01-Ubuntu32,147,33,28,125,69
2014-11-23 07:53:11,T17-VM03-Ubuntu32,26,-1,-1,25,24
2014-11-23 07:53:16,T17-VM04-Ubuntu32,25,-1,-1,25,25
2014-11-23 07:53:17,T17-VM03-Ubuntu32,26,-1,-1,25,24
2014-11-23 07:53:17,T17-VM02-Ubuntu32,25,21,31,24,23
2014-11-23 07:53:17,T17-VM01-Ubuntu32,217,76,28,392,65
2014-11-23 07:53:21,T17-VM04-Ubuntu32,25,-1,-1,25,25
2014-11-23 07:53:23,T17-VM02-Ubuntu32,25,21,31,24,23
2014-11-23 07:53:23,T17-VM03-Ubuntu32,26,-1,-1,25,24
2014-11-23 07:53:23,T17-VM01-Ubuntu32,217,76,28,392,65
2014-11-23 07:53:27,T17-VM04-Ubuntu32,25,-1,-1,25,25
2014-11-23 07:53:28,T17-VM02-Ubuntu32,25,21,31,24,23
2014-11-23 07:53:29,T17-VM01-Ubuntu32,217,76,28,392,65
2014-11-23 07:53:29,T17-VM03-Ubuntu32,26,-1,-1,25,24
2014-11-23 07:53:33,T17-VM04-Ubuntu32,26,-1,-1,23,22
2014-11-23 07:53:34,T17-VM02-Ubuntu32,23,21,21,22,23
2014-11-23 07:53:34,T17-VM03-Ubuntu32,23,-1,-1,24,28
2014-11-23 07:53:34,T17-VM01-Ubuntu32,167,82,29,860,64
2014-11-23 07:53:38,T17-VM04-Ubuntu32,26,-1,-1,23,22
2014-11-23 07:53:40,T17-VM02-Ubuntu32,23,21,21,22,23
2014-11-23 07:53:40,T17-VM01-Ubuntu32,167,82,29,860,64
2014-11-23 07:53:40,T17-VM03-Ubuntu32,23,-1,-1,24,28
2014-11-23 07:53:43,T17-VM04-Ubuntu32,26,-1,-1,23,22
2014-11-23 07:53:45,T17-VM02-Ubuntu32,23,21,21,22,23
2014-11-23 07:53:45,T17-VM01-Ubuntu32,167,82,29,860,64
2014-11-23 07:53:46,T17-VM03-Ubuntu32,23,-1,-1,24,28
2014-11-23 07:53:49,T17-VM04-Ubuntu32,26,-1,-1,23,22
2014-11-23 07:53:51,T17-VM02-Ubuntu32,22,24,25,23,25
2014-11-23 07:53:51,T17-VM03-Ubuntu32,23,-1,-1,23,27
2014-11-23 07:53:51,T17-VM01-Ubuntu32,167,82,29,860,64
2014-11-23 07:53:54,T17-VM04-Ubuntu32,21,-1,-1,24,27
2014-11-23 07:53:56,T17-VM02-Ubuntu32,22,24,25,23,25
2014-11-23 07:53:57,T17-VM01-Ubuntu32,299,83,28,78,82
2014-11-23 07:53:57,T17-VM03-Ubuntu32,23,-1,-1,23,27
2014-11-23 07:54:00,T17-VM04-Ubuntu32,21,-1,-1,24,27
2014-11-23 07:54:02,T17-VM02-Ubuntu32,22,24,25,23,25
2014-11-23 07:54:02,T17-VM01-Ubuntu32,299,83,28,78,82
2014-11-23 07:54:02,T17-VM03-Ubuntu32,23,-1,-1,23,27
2014-11-23 07:54:05,T17-VM04-Ubuntu32,21,-1,-1,24,27
2014-11-23 07:54:07,T17-VM02-Ubuntu32,22,24,25,23,25
2014-11-23 07:54:08,T17-VM03-Ubuntu32,23,-1,-1,23,27
2014-11-23 07:54:08,T17-VM01-Ubuntu32,299,83,28,78,82
2014-11-23 07:54:11,T17-VM04-Ubuntu32,24,-1,-1,23,29
2014-11-23 07:54:12,T17-VM02-Ubuntu32,30,25,23,23,25
2014-11-23 07:54:13,T17-VM03-Ubuntu32,26,-1,-1,24,25
2014-11-23 07:54:13,T17-VM01-Ubuntu32,183,31,27,964,84
2014-11-23 07:54:16,T17-VM04-Ubuntu32,24,-1,-1,23,29
2014-11-23 07:54:18,T17-VM02-Ubuntu32,30,25,23,23,25
2014-11-23 07:54:19,T17-VM03-Ubuntu32,26,-1,-1,24,25
2014-11-23 07:54:19,T17-VM01-Ubuntu32,183,31,27,964,84
2014-11-23 07:54:22,T17-VM04-Ubuntu32,24,-1,-1,23,29
2014-11-23 07:54:23,T17-VM02-Ubuntu32,30,25,23,23,25
2014-11-23 07:54:25,T17-VM03-Ubuntu32,26,-1,-1,24,25
2014-11-23 07:54:25,T17-VM01-Ubuntu32,183,31,27,964,84
2014-11-23 07:54:28,T17-VM04-Ubuntu32,24,-1,-1,23,29
2014-11-23 07:54:29,T17-VM02-Ubuntu32,30,25,23,23,25
2014-11-23 07:54:30,T17-VM03-Ubuntu32,24,-1,-1,24,28
2014-11-23 07:54:30,T17-VM01-Ubuntu32,183,31,27,964,84
2014-11-23 07:54:33,T17-VM04-Ubuntu32,25,-1,-1,25,51
2014-11-23 07:54:34,T17-VM02-Ubuntu32,25,22,23,24,24
2014-11-23 07:54:36,T17-VM03-Ubuntu32,24,-1,-1,24,28
2014-11-23 07:54:36,T17-VM01-Ubuntu32,135,29,55,115,72
2014-11-23 07:54:39,T17-VM04-Ubuntu32,25,-1,-1,25,51
2014-11-23 07:54:39,T17-VM02-Ubuntu32,25,22,23,24,24
2014-11-23 07:54:42,T17-VM03-Ubuntu32,24,-1,-1,24,28
2014-11-23 07:54:42,T17-VM01-Ubuntu32,135,29,55,115,72
2014-11-23 07:54:44,T17-VM04-Ubuntu32,25,-1,-1,25,51
2014-11-23 07:54:45,T17-VM02-Ubuntu32,25,22,23,24,24
2014-11-23 07:54:47,T17-VM03-Ubuntu32,24,-1,-1,24,28
2014-11-23 07:54:48,T17-VM01-Ubuntu32,135,29,55,115,72
2014-11-23 07:54:50,T17-VM04-Ubuntu32,21,-1,-1,21,28
2014-11-23 07:54:51,T17-VM02-Ubuntu32,22,23,20,22,26
2014-11-23 07:54:53,T17-VM01-Ubuntu32,159,66,33,77,73
2014-11-23 07:54:53,T17-VM03-Ubuntu32,23,-1,-1,24,33
2014-11-23 07:54:58,T17-VM04-Ubuntu32,21,-1,-1,21,28
2014-11-23 07:54:58,T17-VM02-Ubuntu32,22,23,20,22,26
2014-11-23 07:55:00,T17-VM03-Ubuntu32,23,-1,-1,24,33
2014-11-23 07:55:01,T17-VM01-Ubuntu32,159,66,33,77,73
2014-11-23 07:55:06,T17-VM02-Ubuntu32,22,23,20,22,26
2014-11-23 07:55:07,T17-VM04-Ubuntu32,21,-1,-1,21,28
2014-11-23 07:55:08,T17-VM03-Ubuntu32,23,-1,-1,24,33
2014-11-23 07:55:08,T17-VM01-Ubuntu32,159,66,33,77,73
2014-11-23 07:55:18,T17-VM02-Ubuntu32,24,21,21,24,32
2014-11-23 07:55:18,T17-VM01-Ubuntu32,77,43,30,119,99
2014-11-23 07:55:18,T17-VM03-Ubuntu32,24,-1,-1,26,24
2014-11-23 07:55:19,T17-VM04-Ubuntu32,24,-1,-1,25,24
2014-11-23 07:55:26,T17-VM03-Ubuntu32,24,-1,-1,26,24
2014-11-23 07:55:26,T17-VM04-Ubuntu32,24,-1,-1,25,24
2014-11-23 07:55:26,T17-VM01-Ubuntu32,77,43,30,119,99
2014-11-23 07:55:26,T17-VM02-Ubuntu32,24,21,21,24,32
2014-11-23 07:55:34,T17-VM04-Ubuntu32,25,-1,-1,29,23
2014-11-23 07:55:34,T17-VM03-Ubuntu32,23,-1,-1,27,22
2014-11-23 07:55:35,T17-VM01-Ubuntu32,65,29,28,103,69
2014-11-23 07:55:35,T17-VM02-Ubuntu32,23,23,21,26,22
2014-11-23 07:55:43,T17-VM02-Ubuntu32,23,23,21,26,22
2014-11-23 07:55:43,T17-VM01-Ubuntu32,65,29,28,103,69
2014-11-23 07:55:45,T17-VM03-Ubuntu32,23,-1,-1,27,22
2014-11-23 07:55:45,T17-VM04-Ubuntu32,25,-1,-1,29,23
2014-11-23 07:55:54,T17-VM02-Ubuntu32,22,25,21,25,23
2014-11-23 07:55:54,T17-VM03-Ubuntu32,24,-1,-1,24,22
2014-11-23 07:55:54,T17-VM01-Ubuntu32,63,30,58,93,76
2014-11-23 07:55:55,T17-VM04-Ubuntu32,22,-1,-1,24,47
2014-11-23 07:56:00,T17-VM02-Ubuntu32,22,25,21,25,23
2014-11-23 07:56:01,T17-VM03-Ubuntu32,24,-1,-1,24,22
2014-11-23 07:56:01,T17-VM04-Ubuntu32,22,-1,-1,24,47
2014-11-23 07:56:01,T17-VM01-Ubuntu32,63,30,58,93,76
2014-11-23 07:56:06,T17-VM02-Ubuntu32,22,25,21,25,23
2014-11-23 07:56:06,T17-VM03-Ubuntu32,24,-1,-1,24,22
2014-11-23 07:56:07,T17-VM01-Ubuntu32,63,30,58,93,76
2014-11-23 07:56:07,T17-VM04-Ubuntu32,22,-1,-1,24,47
2014-11-23 07:56:12,T17-VM03-Ubuntu32,27,-1,-1,29,24
2014-11-23 07:56:13,T17-VM02-Ubuntu32,26,23,20,29,31
2014-11-23 07:56:13,T17-VM01-Ubuntu32,70,52,44,75,116
2014-11-23 07:56:13,T17-VM04-Ubuntu32,26,-1,-1,31,24
2014-11-23 07:56:18,T17-VM03-Ubuntu32,27,-1,-1,29,24
2014-11-23 07:56:19,T17-VM02-Ubuntu32,26,23,20,29,31
2014-11-23 07:56:19,T17-VM04-Ubuntu32,26,-1,-1,31,24
2014-11-23 07:56:19,T17-VM01-Ubuntu32,70,52,44,75,116
2014-11-23 07:56:24,T17-VM03-Ubuntu32,27,-1,-1,29,24
2014-11-23 07:56:25,T17-VM02-Ubuntu32,26,23,20,29,31
2014-11-23 07:56:25,T17-VM01-Ubuntu32,70,52,44,75,116
2014-11-23 07:56:25,T17-VM04-Ubuntu32,26,-1,-1,31,24
2014-11-23 07:56:29,T17-VM03-Ubuntu32,27,-1,-1,29,24
2014-11-23 07:56:30,T17-VM02-Ubuntu32,23,21,29,31,27
2014-11-23 07:56:31,T17-VM01-Ubuntu32,70,52,44,75,116
2014-11-23 07:56:31,T17-VM04-Ubuntu32,25,-1,-1,33,24
2014-11-23 07:56:35,T17-VM03-Ubuntu32,25,-1,-1,33,24
2014-11-23 07:56:36,T17-VM02-Ubuntu32,23,21,29,31,27
2014-11-23 07:56:36,T17-VM01-Ubuntu32,69,69,106,94,86
2014-11-23 07:56:37,T17-VM04-Ubuntu32,25,-1,-1,33,24
2014-11-23 07:56:40,T17-VM03-Ubuntu32,25,-1,-1,33,24
2014-11-23 07:56:41,T17-VM02-Ubuntu32,23,21,29,31,27
2014-11-23 07:56:42,T17-VM04-Ubuntu32,25,-1,-1,33,24
2014-11-23 07:56:42,T17-VM01-Ubuntu32,69,69,106,94,86
2014-11-23 07:56:46,T17-VM03-Ubuntu32,25,-1,-1,33,24
2014-11-23 07:56:47,T17-VM02-Ubuntu32,23,21,29,31,27
2014-11-23 07:56:48,T17-VM04-Ubuntu32,25,-1,-1,33,24
2014-11-23 07:56:48,T17-VM01-Ubuntu32,69,69,106,94,86
2014-11-23 07:56:51,T17-VM03-Ubuntu32,25,-1,-1,29,27
2014-11-23 07:56:52,T17-VM02-Ubuntu32,24,22,25,30,23
2014-11-23 07:56:53,T17-VM01-Ubuntu32,85,65,32,67,127
2014-11-23 07:56:53,T17-VM04-Ubuntu32,23,-1,-1,28,27
2014-11-23 07:56:56,T17-VM03-Ubuntu32,25,-1,-1,29,27
2014-11-23 07:56:58,T17-VM02-Ubuntu32,24,22,25,30,23
2014-11-23 07:56:59,T17-VM01-Ubuntu32,85,65,32,67,127
2014-11-23 07:56:59,T17-VM04-Ubuntu32,23,-1,-1,28,27
2014-11-23 07:57:02,T17-VM03-Ubuntu32,25,-1,-1,29,27
2014-11-23 07:57:03,T17-VM02-Ubuntu32,24,22,25,30,23
2014-11-23 07:57:05,T17-VM01-Ubuntu32,85,65,32,67,127
2014-11-23 07:57:05,T17-VM04-Ubuntu32,23,-1,-1,28,27
2014-11-23 07:57:07,T17-VM03-Ubuntu32,25,-1,-1,29,27
2014-11-23 07:57:09,T17-VM02-Ubuntu32,24,22,25,30,23
2014-11-23 07:57:11,T17-VM04-Ubuntu32,23,-1,-1,24,25
2014-11-23 07:57:11,T17-VM01-Ubuntu32,85,65,32,67,127
2014-11-23 07:57:13,T17-VM03-Ubuntu32,24,-1,-1,27,22
2014-11-23 07:57:14,T17-VM02-Ubuntu32,24,22,21,27,22
2014-11-23 07:57:16,T17-VM04-Ubuntu32,23,-1,-1,24,25
2014-11-23 07:57:17,T17-VM01-Ubuntu32,118,59,31,69,67
2014-11-23 07:57:18,T17-VM03-Ubuntu32,24,-1,-1,27,22
2014-11-23 07:57:20,T17-VM02-Ubuntu32,24,22,21,27,22
2014-11-23 07:57:22,T17-VM04-Ubuntu32,23,-1,-1,24,25
2014-11-23 07:57:22,T17-VM01-Ubuntu32,118,59,31,69,67
2014-11-23 07:57:24,T17-VM03-Ubuntu32,24,-1,-1,27,22
2014-11-23 07:57:26,T17-VM02-Ubuntu32,24,22,21,27,22
2014-11-23 07:57:27,T17-VM04-Ubuntu32,23,-1,-1,24,25
2014-11-23 07:57:28,T17-VM01-Ubuntu32,118,59,31,69,67
2014-11-23 07:57:30,T17-VM03-Ubuntu32,24,-1,-1,27,22
2014-11-23 07:57:31,T17-VM02-Ubuntu32,24,22,19,23,24
2014-11-23 07:57:33,T17-VM04-Ubuntu32,24,-1,-1,25,23
2014-11-23 07:57:33,T17-VM01-Ubuntu32,353,39,28,65,67
2014-11-23 07:57:35,T17-VM03-Ubuntu32,23,-1,-1,24,24
2014-11-23 07:57:37,T17-VM02-Ubuntu32,24,22,19,23,24
2014-11-23 07:57:38,T17-VM04-Ubuntu32,24,-1,-1,25,23
2014-11-23 07:57:39,T17-VM01-Ubuntu32,353,39,28,65,67
2014-11-23 07:57:41,T17-VM03-Ubuntu32,23,-1,-1,24,24
2014-11-23 07:57:42,T17-VM02-Ubuntu32,24,22,19,23,24
2014-11-23 07:57:44,T17-VM04-Ubuntu32,24,-1,-1,25,23
2014-11-23 07:57:44,T17-VM01-Ubuntu32,353,39,28,65,67
2014-11-23 07:57:46,T17-VM03-Ubuntu32,23,-1,-1,24,24
2014-11-23 07:57:48,T17-VM02-Ubuntu32,24,22,19,23,24
2014-11-23 07:57:49,T17-VM04-Ubuntu32,24,-1,-1,25,23
2014-11-23 07:57:50,T17-VM01-Ubuntu32,353,39,28,65,67
2014-11-23 07:57:52,T17-VM03-Ubuntu32,21,-1,-1,28,26
2014-11-23 07:57:53,T17-VM02-Ubuntu32,21,23,21,23,26
2014-11-23 07:57:55,T17-VM04-Ubuntu32,22,-1,-1,22,25
2014-11-23 07:57:55,T17-VM01-Ubuntu32,109,74,42,64,72
2014-11-23 07:57:57,T17-VM03-Ubuntu32,21,-1,-1,28,26
2014-11-23 07:57:59,T17-VM02-Ubuntu32,21,23,21,23,26
2014-11-23 07:58:00,T17-VM04-Ubuntu32,22,-1,-1,22,25
2014-11-23 07:58:01,T17-VM01-Ubuntu32,109,74,42,64,72
2014-11-23 07:58:03,T17-VM03-Ubuntu32,21,-1,-1,28,26
2014-11-23 07:58:04,T17-VM02-Ubuntu32,21,23,21,23,26
2014-11-23 07:58:06,T17-VM04-Ubuntu32,22,-1,-1,22,25
2014-11-23 07:58:06,T17-VM01-Ubuntu32,109,74,42,64,72
2014-11-23 07:58:08,T17-VM03-Ubuntu32,21,-1,-1,28,26
2014-11-23 07:58:10,T17-VM02-Ubuntu32,21,23,21,23,26
2014-11-23 07:58:11,T17-VM04-Ubuntu32,25,-1,-1,27,26
2014-11-23 07:58:12,T17-VM01-Ubuntu32,109,74,42,64,72
2014-11-23 07:58:14,T17-VM03-Ubuntu32,25,-1,-1,27,24
2014-11-23 07:58:15,T17-VM02-Ubuntu32,23,22,21,25,25
2014-11-23 07:58:17,T17-VM04-Ubuntu32,25,-1,-1,27,26
2014-11-23 07:58:17,T17-VM01-Ubuntu32,106,58,29,82,68
2014-11-23 07:58:19,T17-VM03-Ubuntu32,25,-1,-1,27,24
2014-11-23 07:58:21,T17-VM02-Ubuntu32,23,22,21,25,25
2014-11-23 07:58:22,T17-VM04-Ubuntu32,25,-1,-1,27,26
2014-11-23 07:58:23,T17-VM01-Ubuntu32,106,58,29,82,68
2014-11-23 07:58:25,T17-VM03-Ubuntu32,25,-1,-1,27,24
2014-11-23 07:58:27,T17-VM02-Ubuntu32,23,22,21,25,25
2014-11-23 07:58:28,T17-VM04-Ubuntu32,25,-1,-1,27,26
2014-11-23 07:58:29,T17-VM01-Ubuntu32,106,58,29,82,68
2014-11-23 07:58:30,T17-VM03-Ubuntu32,23,-1,-1,25,23
2014-11-23 07:58:32,T17-VM02-Ubuntu32,22,21,23,25,21
2014-11-23 07:58:34,T17-VM04-Ubuntu32,25,-1,-1,29,22
2014-11-23 07:58:34,T17-VM01-Ubuntu32,81,28,28,84,67
2014-11-23 07:58:36,T17-VM03-Ubuntu32,23,-1,-1,25,23
2014-11-23 07:58:38,T17-VM02-Ubuntu32,22,21,23,25,21
2014-11-23 07:58:39,T17-VM04-Ubuntu32,25,-1,-1,29,22
2014-11-23 07:58:40,T17-VM01-Ubuntu32,81,28,28,84,67
2014-11-23 07:58:41,T17-VM03-Ubuntu32,23,-1,-1,25,23
2014-11-23 07:58:43,T17-VM02-Ubuntu32,22,21,23,25,21
2014-11-23 07:58:45,T17-VM04-Ubuntu32,25,-1,-1,29,22
2014-11-23 07:58:45,T17-VM01-Ubuntu32,81,28,28,84,67
2014-11-23 07:58:47,T17-VM03-Ubuntu32,23,-1,-1,25,23
2014-11-23 07:58:49,T17-VM02-Ubuntu32,22,21,23,25,21
2014-11-23 07:58:51,T17-VM04-Ubuntu32,21,-1,-1,51,26
2014-11-23 07:58:51,T17-VM01-Ubuntu32,81,28,28,84,67
2014-11-23 07:58:52,T17-VM03-Ubuntu32,22,-1,-1,28,24
2014-11-23 07:58:54,T17-VM02-Ubuntu32,23,22,22,24,22
2014-11-23 07:58:57,T17-VM01-Ubuntu32,125,28,33,72,69
2014-11-23 07:58:57,T17-VM04-Ubuntu32,21,-1,-1,51,26
2014-11-23 07:58:58,T17-VM03-Ubuntu32,22,-1,-1,28,24
2014-11-23 07:59:00,T17-VM02-Ubuntu32,23,22,22,24,22
2014-11-23 07:59:02,T17-VM04-Ubuntu32,21,-1,-1,51,26
2014-11-23 07:59:02,T17-VM01-Ubuntu32,125,28,33,72,69
2014-11-23 07:59:03,T17-VM03-Ubuntu32,22,-1,-1,28,24
2014-11-23 07:59:05,T17-VM02-Ubuntu32,23,22,22,24,22
2014-11-23 07:59:08,T17-VM01-Ubuntu32,125,28,33,72,69
2014-11-23 07:59:08,T17-VM04-Ubuntu32,21,-1,-1,51,26
2014-11-23 07:59:09,T17-VM03-Ubuntu32,22,-1,-1,28,24
2014-11-23 07:59:11,T17-VM02-Ubuntu32,24,22,21,26,24
2014-11-23 07:59:14,T17-VM01-Ubuntu32,392,34,76,73,68
2014-11-23 07:59:14,T17-VM04-Ubuntu32,25,-1,-1,28,24
2014-11-23 07:59:14,T17-VM03-Ubuntu32,25,-1,-1,33,23
2014-11-23 07:59:16,T17-VM02-Ubuntu32,24,22,21,26,24
2014-11-23 07:59:19,T17-VM01-Ubuntu32,392,34,76,73,68
2014-11-23 07:59:19,T17-VM04-Ubuntu32,25,-1,-1,28,24
2014-11-23 07:59:20,T17-VM03-Ubuntu32,25,-1,-1,33,23
2014-11-23 07:59:22,T17-VM02-Ubuntu32,24,22,21,26,24
2014-11-23 07:59:25,T17-VM01-Ubuntu32,392,34,76,73,68
2014-11-23 07:59:25,T17-VM04-Ubuntu32,25,-1,-1,28,24
2014-11-23 07:59:26,T17-VM03-Ubuntu32,25,-1,-1,33,23
2014-11-23 07:59:27,T17-VM02-Ubuntu32,24,22,21,26,24
2014-11-23 07:59:31,T17-VM01-Ubuntu32,392,34,76,73,68
2014-11-23 07:59:31,T17-VM04-Ubuntu32,23,-1,-1,24,22
2014-11-23 07:59:31,T17-VM03-Ubuntu32,24,-1,-1,24,23
2014-11-23 07:59:33,T17-VM02-Ubuntu32,22,21,21,32,23
2014-11-23 07:59:37,T17-VM04-Ubuntu32,23,-1,-1,24,22
2014-11-23 07:59:37,T17-VM01-Ubuntu32,860,28,82,99,67
2014-11-23 07:59:37,T17-VM03-Ubuntu32,24,-1,-1,24,23
2014-11-23 07:59:38,T17-VM02-Ubuntu32,22,21,21,32,23
2014-11-23 07:59:42,T17-VM01-Ubuntu32,860,28,82,99,67
2014-11-23 07:59:42,T17-VM04-Ubuntu32,23,-1,-1,24,22
2014-11-23 07:59:42,T17-VM03-Ubuntu32,24,-1,-1,24,23
2014-11-23 07:59:44,T17-VM02-Ubuntu32,22,21,21,32,23
2014-11-23 07:59:48,T17-VM01-Ubuntu32,860,28,82,99,67
2014-11-23 07:59:48,T17-VM04-Ubuntu32,23,-1,-1,24,22
2014-11-23 07:59:48,T17-VM03-Ubuntu32,24,-1,-1,24,23
2014-11-23 07:59:49,T17-VM02-Ubuntu32,22,21,21,32,23
2014-11-23 07:59:53,T17-VM01-Ubuntu32,78,48,83,69,70
2014-11-23 07:59:54,T17-VM03-Ubuntu32,23,-1,-1,22,24
2014-11-23 07:59:54,T17-VM04-Ubuntu32,24,-1,-1,23,24
2014-11-23 07:59:55,T17-VM02-Ubuntu32,23,26,24,22,24
2014-11-23 07:59:59,T17-VM01-Ubuntu32,78,48,83,69,70
2014-11-23 08:00:00,T17-VM03-Ubuntu32,23,-1,-1,22,24
2014-11-23 08:00:00,T17-VM04-Ubuntu32,24,-1,-1,23,24
2014-11-23 08:00:00,T17-VM02-Ubuntu32,23,26,24,22,24
2014-11-23 08:00:05,T17-VM01-Ubuntu32,78,48,83,69,70
2014-11-23 08:00:05,T17-VM04-Ubuntu32,24,-1,-1,23,24
2014-11-23 08:00:06,T17-VM03-Ubuntu32,23,-1,-1,22,24
2014-11-23 08:00:06,T17-VM02-Ubuntu32,23,26,24,22,24
2014-11-23 08:00:11,T17-VM01-Ubuntu32,78,48,83,69,70
2014-11-23 08:00:11,T17-VM04-Ubuntu32,23,-1,-1,47,24
2014-11-23 08:00:11,T17-VM03-Ubuntu32,24,-1,-1,22,22
2014-11-23 08:00:11,T17-VM02-Ubuntu32,23,24,25,23,23
2014-11-23 08:00:16,T17-VM01-Ubuntu32,964,51,31,76,68
2014-11-23 08:00:17,T17-VM03-Ubuntu32,24,-1,-1,22,22
2014-11-23 08:00:17,T17-VM04-Ubuntu32,23,-1,-1,47,24
2014-11-23 08:00:17,T17-VM02-Ubuntu32,23,24,25,23,23
2014-11-23 08:00:22,T17-VM01-Ubuntu32,964,51,31,76,68
2014-11-23 08:00:23,T17-VM02-Ubuntu32,23,24,25,23,23
2014-11-23 08:00:23,T17-VM03-Ubuntu32,24,-1,-1,22,22
2014-11-23 08:00:23,T17-VM04-Ubuntu32,23,-1,-1,47,24
2014-11-23 08:00:27,T17-VM01-Ubuntu32,964,51,31,76,68
2014-11-23 08:00:28,T17-VM02-Ubuntu32,23,24,25,23,23
2014-11-23 08:00:29,T17-VM04-Ubuntu32,23,-1,-1,47,24
2014-11-23 08:00:29,T17-VM03-Ubuntu32,24,-1,-1,22,22
2014-11-23 08:00:33,T17-VM01-Ubuntu32,115,34,29,116,65
2014-11-23 08:00:34,T17-VM02-Ubuntu32,24,20,22,31,23
2014-11-23 08:00:35,T17-VM04-Ubuntu32,25,-1,-1,24,22
2014-11-23 08:00:35,T17-VM03-Ubuntu32,24,-1,-1,24,24
2014-11-23 08:00:38,T17-VM01-Ubuntu32,115,34,29,116,65
2014-11-23 08:00:40,T17-VM02-Ubuntu32,24,20,22,31,23
2014-11-23 08:00:40,T17-VM03-Ubuntu32,24,-1,-1,24,24
2014-11-23 08:00:40,T17-VM04-Ubuntu32,25,-1,-1,24,22
2014-11-23 08:00:44,T17-VM01-Ubuntu32,115,34,29,116,65
2014-11-23 08:00:46,T17-VM02-Ubuntu32,24,20,22,31,23
2014-11-23 08:00:46,T17-VM03-Ubuntu32,24,-1,-1,24,24
2014-11-23 08:00:46,T17-VM04-Ubuntu32,25,-1,-1,24,22
2014-11-23 08:00:49,T17-VM01-Ubuntu32,115,34,29,116,65
2014-11-23 08:00:52,T17-VM02-Ubuntu32,22,23,23,27,25
2014-11-23 08:00:52,T17-VM04-Ubuntu32,21,-1,-1,24,25
2014-11-23 08:00:52,T17-VM03-Ubuntu32,24,-1,-1,24,26
2014-11-23 08:00:55,T17-VM01-Ubuntu32,77,34,66,86,70
2014-11-23 08:00:58,T17-VM02-Ubuntu32,22,23,23,27,25
2014-11-23 08:00:58,T17-VM04-Ubuntu32,21,-1,-1,24,25
2014-11-23 08:00:58,T17-VM03-Ubuntu32,24,-1,-1,24,26
2014-11-23 08:01:00,T17-VM01-Ubuntu32,77,34,66,86,70
2014-11-23 08:01:03,T17-VM02-Ubuntu32,22,23,23,27,25
2014-11-23 08:01:03,T17-VM04-Ubuntu32,21,-1,-1,24,25
2014-11-23 08:01:03,T17-VM03-Ubuntu32,24,-1,-1,24,26
2014-11-23 08:01:06,T17-VM01-Ubuntu32,77,34,66,86,70
2014-11-23 08:01:09,T17-VM04-Ubuntu32,21,-1,-1,24,25
2014-11-23 08:01:09,T17-VM02-Ubuntu32,22,23,23,27,25
2014-11-23 08:01:09,T17-VM03-Ubuntu32,24,-1,-1,24,26
2014-11-23 08:01:11,T17-VM01-Ubuntu32,77,34,66,86,70
2014-11-23 08:01:15,T17-VM04-Ubuntu32,25,-1,-1,27,24
2014-11-23 08:01:15,T17-VM02-Ubuntu32,24,24,21,23,23
2014-11-23 08:01:15,T17-VM03-Ubuntu32,26,-1,-1,27,24
2014-11-23 08:01:17,T17-VM01-Ubuntu32,119,149,43,127,67
2014-11-23 08:01:21,T17-VM04-Ubuntu32,25,-1,-1,27,24
2014-11-23 08:01:21,T17-VM02-Ubuntu32,24,24,21,23,23
2014-11-23 08:01:21,T17-VM03-Ubuntu32,26,-1,-1,27,24
2014-11-23 08:01:22,T17-VM01-Ubuntu32,119,149,43,127,67
2014-11-23 08:01:27,T17-VM04-Ubuntu32,25,-1,-1,27,24
2014-11-23 08:01:27,T17-VM03-Ubuntu32,26,-1,-1,27,24
2014-11-23 08:01:27,T17-VM02-Ubuntu32,24,24,21,23,23
2014-11-23 08:01:28,T17-VM01-Ubuntu32,119,149,43,127,67
2014-11-23 08:01:33,T17-VM03-Ubuntu32,27,-1,-1,22,24
2014-11-23 08:01:33,T17-VM02-Ubuntu32,26,59,23,22,26
2014-11-23 08:01:33,T17-VM04-Ubuntu32,29,-1,-1,25,23
2014-11-23 08:01:34,T17-VM01-Ubuntu32,103,126,29,67,68
2014-11-23 08:01:39,T17-VM03-Ubuntu32,27,-1,-1,22,24
2014-11-23 08:01:39,T17-VM04-Ubuntu32,29,-1,-1,25,23
2014-11-23 08:01:39,T17-VM02-Ubuntu32,26,59,23,22,26
2014-11-23 08:01:40,T17-VM01-Ubuntu32,103,126,29,67,68
2014-11-23 08:01:45,T17-VM03-Ubuntu32,27,-1,-1,22,24
2014-11-23 08:01:45,T17-VM02-Ubuntu32,26,59,23,22,26
2014-11-23 08:01:45,T17-VM04-Ubuntu32,29,-1,-1,25,23
2014-11-23 08:01:45,T17-VM01-Ubuntu32,103,126,29,67,68
2014-11-23 08:01:51,T17-VM02-Ubuntu32,25,1635,25,24,25
2014-11-23 08:01:51,T17-VM01-Ubuntu32,103,126,29,67,68
2014-11-23 08:01:51,T17-VM04-Ubuntu32,24,-1,-1,23,24
2014-11-23 08:01:51,T17-VM03-Ubuntu32,24,-1,-1,24,24
2014-11-23 08:01:56,T17-VM02-Ubuntu32,25,1635,25,24,25
2014-11-23 08:01:57,T17-VM01-Ubuntu32,93,27,30,67,622
2014-11-23 08:01:57,T17-VM03-Ubuntu32,24,-1,-1,24,24
2014-11-23 08:01:57,T17-VM04-Ubuntu32,24,-1,-1,23,24
2014-11-23 08:02:02,T17-VM02-Ubuntu32,25,1635,25,24,25
2014-11-23 08:02:03,T17-VM04-Ubuntu32,24,-1,-1,23,24
2014-11-23 08:02:03,T17-VM03-Ubuntu32,24,-1,-1,24,24
2014-11-23 08:02:03,T17-VM01-Ubuntu32,93,27,30,67,622
2014-11-23 08:02:07,T17-VM02-Ubuntu32,25,1635,25,24,25
2014-11-23 08:02:09,T17-VM04-Ubuntu32,24,-1,-1,23,24
2014-11-23 08:02:09,T17-VM01-Ubuntu32,93,27,30,67,622
2014-11-23 08:02:09,T17-VM03-Ubuntu32,24,-1,-1,24,24
2014-11-23 08:02:12,T17-VM02-Ubuntu32,29,2336,23,26,23
2014-11-23 08:02:14,T17-VM03-Ubuntu32,29,-1,-1,26,24
2014-11-23 08:02:14,T17-VM04-Ubuntu32,31,-1,-1,25,24
2014-11-23 08:02:14,T17-VM01-Ubuntu32,75,63,52,72,66
2014-11-23 08:02:18,T17-VM02-Ubuntu32,29,2336,23,26,23
2014-11-23 08:02:20,T17-VM04-Ubuntu32,31,-1,-1,25,24
2014-11-23 08:02:20,T17-VM01-Ubuntu32,75,63,52,72,66
2014-11-23 08:02:20,T17-VM03-Ubuntu32,29,-1,-1,26,24
2014-11-23 08:02:23,T17-VM02-Ubuntu32,29,2336,23,26,23
2014-11-23 08:02:25,T17-VM01-Ubuntu32,75,63,52,72,66
2014-11-23 08:02:25,T17-VM04-Ubuntu32,31,-1,-1,25,24
2014-11-23 08:02:26,T17-VM03-Ubuntu32,29,-1,-1,26,24
2014-11-23 08:02:29,T17-VM02-Ubuntu32,29,2336,23,26,23
2014-11-23 08:02:31,T17-VM04-Ubuntu32,33,-1,-1,26,22
2014-11-23 08:02:31,T17-VM01-Ubuntu32,75,63,52,72,66
2014-11-23 08:02:31,T17-VM03-Ubuntu32,33,-1,-1,24,24
2014-11-23 08:02:34,T17-VM02-Ubuntu32,31,1442,21,25,22
2014-11-23 08:02:37,T17-VM04-Ubuntu32,33,-1,-1,26,22
2014-11-23 08:02:37,T17-VM01-Ubuntu32,94,52,69,68,137
2014-11-23 08:02:37,T17-VM03-Ubuntu32,33,-1,-1,24,24
2014-11-23 08:02:39,T17-VM02-Ubuntu32,31,1442,21,25,22
2014-11-23 08:02:42,T17-VM04-Ubuntu32,33,-1,-1,26,22
2014-11-23 08:02:42,T17-VM03-Ubuntu32,33,-1,-1,24,24
2014-11-23 08:02:42,T17-VM01-Ubuntu32,94,52,69,68,137
2014-11-23 08:02:45,T17-VM02-Ubuntu32,31,1442,21,25,22
2014-11-23 08:02:48,T17-VM04-Ubuntu32,33,-1,-1,26,22
2014-11-23 08:02:48,T17-VM01-Ubuntu32,94,52,69,68,137
2014-11-23 08:02:48,T17-VM03-Ubuntu32,33,-1,-1,24,24
2014-11-23 08:02:51,T17-VM02-Ubuntu32,30,44,22,21,24
2014-11-23 08:02:53,T17-VM04-Ubuntu32,28,-1,-1,22,24
2014-11-23 08:02:53,T17-VM01-Ubuntu32,67,32,65,67,72
2014-11-23 08:02:54,T17-VM03-Ubuntu32,29,-1,-1,23,25
2014-11-23 08:02:56,T17-VM02-Ubuntu32,30,44,22,21,24
2014-11-23 08:02:59,T17-VM01-Ubuntu32,67,32,65,67,72
2014-11-23 08:02:59,T17-VM04-Ubuntu32,28,-1,-1,22,24
2014-11-23 08:02:59,T17-VM03-Ubuntu32,29,-1,-1,23,25
2014-11-23 08:03:02,T17-VM02-Ubuntu32,30,44,22,21,24
2014-11-23 08:03:05,T17-VM01-Ubuntu32,67,32,65,67,72
2014-11-23 08:03:05,T17-VM04-Ubuntu32,28,-1,-1,22,24
2014-11-23 08:03:05,T17-VM03-Ubuntu32,29,-1,-1,23,25
2014-11-23 08:03:07,T17-VM02-Ubuntu32,30,44,22,21,24
2014-11-23 08:03:10,T17-VM04-Ubuntu32,24,-1,-1,26,23
2014-11-23 08:03:10,T17-VM01-Ubuntu32,67,32,65,67,72
2014-11-23 08:03:10,T17-VM03-Ubuntu32,27,-1,-1,24,22
2014-11-23 08:03:13,T17-VM02-Ubuntu32,27,22,22,22,21
2014-11-23 08:03:16,T17-VM01-Ubuntu32,69,77,59,69,67
2014-11-23 08:03:16,T17-VM04-Ubuntu32,24,-1,-1,26,23
2014-11-23 08:03:16,T17-VM03-Ubuntu32,27,-1,-1,24,22
2014-11-23 08:03:19,T17-VM02-Ubuntu32,27,22,22,22,21
2014-11-23 08:03:23,T17-VM01-Ubuntu32,69,77,59,69,67
2014-11-23 08:03:23,T17-VM04-Ubuntu32,24,-1,-1,26,23
2014-11-23 08:03:23,T17-VM03-Ubuntu32,27,-1,-1,24,22
2014-11-23 08:03:24,T17-VM02-Ubuntu32,27,22,22,22,21
2014-11-23 08:03:29,T17-VM01-Ubuntu32,69,77,59,69,67
2014-11-23 08:03:30,T17-VM03-Ubuntu32,27,-1,-1,24,22
2014-11-23 08:03:30,T17-VM04-Ubuntu32,24,-1,-1,26,23
2014-11-23 08:03:30,T17-VM02-Ubuntu32,23,24,22,24,22
2014-11-23 08:03:36,T17-VM01-Ubuntu32,65,64,39,68,63
2014-11-23 08:03:36,T17-VM04-Ubuntu32,25,-1,-1,24,21
2014-11-23 08:03:36,T17-VM03-Ubuntu32,24,-1,-1,23,22
2014-11-23 08:03:37,T17-VM02-Ubuntu32,23,24,22,24,22
2014-11-23 08:03:41,T17-VM01-Ubuntu32,65,64,39,68,63
2014-11-23 08:03:42,T17-VM03-Ubuntu32,24,-1,-1,23,22
2014-11-23 08:03:42,T17-VM04-Ubuntu32,25,-1,-1,24,21
2014-11-23 08:03:42,T17-VM02-Ubuntu32,23,24,22,24,22
2014-11-23 08:03:46,T17-VM01-Ubuntu32,65,64,39,68,63
2014-11-23 08:03:48,T17-VM02-Ubuntu32,23,24,22,24,22
2014-11-23 08:03:48,T17-VM03-Ubuntu32,24,-1,-1,23,22
2014-11-23 08:03:49,T17-VM04-Ubuntu32,25,-1,-1,24,21
2014-11-23 08:03:52,T17-VM01-Ubuntu32,64,57,74,67,69
2014-11-23 08:03:54,T17-VM03-Ubuntu32,28,-1,-1,23,25
2014-11-23 08:03:54,T17-VM02-Ubuntu32,23,22,23,23,24
2014-11-23 08:03:54,T17-VM04-Ubuntu32,22,-1,-1,22,26
2014-11-23 08:03:58,T17-VM01-Ubuntu32,64,57,74,67,69
2014-11-23 08:04:00,T17-VM02-Ubuntu32,23,22,23,23,24
2014-11-23 08:04:00,T17-VM03-Ubuntu32,28,-1,-1,23,25
2014-11-23 08:04:00,T17-VM04-Ubuntu32,22,-1,-1,22,26
2014-11-23 08:04:03,T17-VM01-Ubuntu32,64,57,74,67,69
2014-11-23 08:04:06,T17-VM02-Ubuntu32,23,22,23,23,24
2014-11-23 08:04:06,T17-VM04-Ubuntu32,22,-1,-1,22,26
2014-11-23 08:04:06,T17-VM03-Ubuntu32,28,-1,-1,23,25
2014-11-23 08:04:09,T17-VM01-Ubuntu32,64,57,74,67,69
2014-11-23 08:04:13,T17-VM03-Ubuntu32,27,-1,-1,24,24
2014-11-23 08:04:13,T17-VM04-Ubuntu32,27,-1,-1,24,26
2014-11-23 08:04:13,T17-VM02-Ubuntu32,25,24,22,24,23
2014-11-23 08:04:14,T17-VM01-Ubuntu32,82,65,58,70,66
2014-11-23 08:04:19,T17-VM04-Ubuntu32,27,-1,-1,24,26
2014-11-23 08:04:19,T17-VM03-Ubuntu32,27,-1,-1,24,24
2014-11-23 08:04:19,T17-VM02-Ubuntu32,25,24,22,24,23
2014-11-23 08:04:20,T17-VM01-Ubuntu32,82,65,58,70,66
2014-11-23 08:04:25,T17-VM02-Ubuntu32,25,24,22,24,23
2014-11-23 08:04:25,T17-VM03-Ubuntu32,27,-1,-1,24,24
2014-11-23 08:04:25,T17-VM04-Ubuntu32,27,-1,-1,24,26
2014-11-23 08:04:26,T17-VM01-Ubuntu32,82,65,58,70,66
2014-11-23 08:04:30,T17-VM02-Ubuntu32,25,23,21,23,22
2014-11-23 08:04:31,T17-VM03-Ubuntu32,25,-1,-1,22,22
2014-11-23 08:04:31,T17-VM04-Ubuntu32,29,-1,-1,24,23
2014-11-23 08:04:32,T17-VM01-Ubuntu32,82,65,58,70,66
2014-11-23 08:04:36,T17-VM02-Ubuntu32,25,23,21,23,22
2014-11-23 08:04:36,T17-VM03-Ubuntu32,25,-1,-1,22,22
2014-11-23 08:04:36,T17-VM04-Ubuntu32,29,-1,-1,24,23
2014-11-23 08:04:38,T17-VM01-Ubuntu32,84,53,28,68,88
2014-11-23 08:04:42,T17-VM02-Ubuntu32,25,23,21,23,22
2014-11-23 08:04:42,T17-VM03-Ubuntu32,25,-1,-1,22,22
2014-11-23 08:04:42,T17-VM04-Ubuntu32,29,-1,-1,24,23
2014-11-23 08:04:43,T17-VM01-Ubuntu32,84,53,28,68,88
2014-11-23 08:04:48,T17-VM03-Ubuntu32,25,-1,-1,22,22
2014-11-23 08:04:48,T17-VM02-Ubuntu32,25,23,21,23,22
2014-11-23 08:04:48,T17-VM04-Ubuntu32,29,-1,-1,24,23
2014-11-23 08:04:48,T17-VM01-Ubuntu32,84,53,28,68,88
2014-11-23 08:04:53,T17-VM03-Ubuntu32,28,-1,-1,24,25
2014-11-23 08:04:54,T17-VM02-Ubuntu32,24,22,22,23,25
2014-11-23 08:04:54,T17-VM04-Ubuntu32,51,-1,-1,22,30
2014-11-23 08:04:54,T17-VM01-Ubuntu32,72,52,28,65,76
2014-11-23 08:04:59,T17-VM03-Ubuntu32,28,-1,-1,24,25
2014-11-23 08:04:59,T17-VM02-Ubuntu32,24,22,22,23,25
2014-11-23 08:04:59,T17-VM01-Ubuntu32,72,52,28,65,76
2014-11-23 08:05:00,T17-VM04-Ubuntu32,51,-1,-1,22,30
2014-11-23 08:05:04,T17-VM03-Ubuntu32,28,-1,-1,24,25
2014-11-23 08:05:05,T17-VM02-Ubuntu32,24,22,22,23,25
2014-11-23 08:05:05,T17-VM01-Ubuntu32,72,52,28,65,76
2014-11-23 08:05:05,T17-VM04-Ubuntu32,51,-1,-1,22,30
2014-11-23 08:05:10,T17-VM03-Ubuntu32,28,-1,-1,24,25
2014-11-23 08:05:12,T17-VM02-Ubuntu32,26,21,22,25,24
2014-11-23 08:05:12,T17-VM04-Ubuntu32,28,-1,-1,25,25
2014-11-23 08:05:12,T17-VM01-Ubuntu32,73,43,34,70,70
2014-11-23 08:05:15,T17-VM03-Ubuntu32,33,-1,-1,26,25
2014-11-23 08:05:17,T17-VM02-Ubuntu32,26,21,22,25,24
2014-11-23 08:05:17,T17-VM04-Ubuntu32,28,-1,-1,25,25
2014-11-23 08:05:18,T17-VM01-Ubuntu32,73,43,34,70,70
2014-11-23 08:05:21,T17-VM03-Ubuntu32,33,-1,-1,26,25
2014-11-23 08:05:23,T17-VM02-Ubuntu32,26,21,22,25,24
2014-11-23 08:05:23,T17-VM01-Ubuntu32,73,43,34,70,70
2014-11-23 08:05:23,T17-VM04-Ubuntu32,28,-1,-1,25,25
2014-11-23 08:05:26,T17-VM03-Ubuntu32,33,-1,-1,26,25
2014-11-23 08:05:29,T17-VM02-Ubuntu32,26,21,22,25,24
2014-11-23 08:05:29,T17-VM04-Ubuntu32,28,-1,-1,25,25
2014-11-23 08:05:29,T17-VM01-Ubuntu32,73,43,34,70,70
2014-11-23 08:05:32,T17-VM03-Ubuntu32,24,-1,-1,24,22
2014-11-23 08:05:35,T17-VM02-Ubuntu32,32,21,21,23,21
2014-11-23 08:05:35,T17-VM01-Ubuntu32,99,88,28,67,92
2014-11-23 08:05:35,T17-VM04-Ubuntu32,24,-1,-1,24,21
2014-11-23 08:05:37,T17-VM03-Ubuntu32,24,-1,-1,24,22
2014-11-23 08:05:41,T17-VM02-Ubuntu32,32,21,21,23,21
2014-11-23 08:05:41,T17-VM04-Ubuntu32,24,-1,-1,24,21
2014-11-23 08:05:41,T17-VM01-Ubuntu32,99,88,28,67,92
2014-11-23 08:05:42,T17-VM03-Ubuntu32,24,-1,-1,24,22
2014-11-23 08:05:46,T17-VM02-Ubuntu32,32,21,21,23,21
2014-11-23 08:05:46,T17-VM01-Ubuntu32,99,88,28,67,92
2014-11-23 08:05:46,T17-VM04-Ubuntu32,24,-1,-1,24,21
2014-11-23 08:05:48,T17-VM03-Ubuntu32,24,-1,-1,24,22
2014-11-23 08:05:52,T17-VM02-Ubuntu32,22,21,26,26,24
2014-11-23 08:05:52,T17-VM04-Ubuntu32,23,-1,-1,23,24
2014-11-23 08:05:52,T17-VM01-Ubuntu32,69,26,48,68,87
2014-11-23 08:05:53,T17-VM03-Ubuntu32,22,-1,-1,24,25
2014-11-23 08:05:57,T17-VM02-Ubuntu32,22,21,26,26,24
2014-11-23 08:05:58,T17-VM01-Ubuntu32,69,26,48,68,87
2014-11-23 08:05:58,T17-VM04-Ubuntu32,23,-1,-1,23,24
2014-11-23 08:05:58,T17-VM03-Ubuntu32,22,-1,-1,24,25
2014-11-23 08:06:03,T17-VM01-Ubuntu32,69,26,48,68,87
2014-11-23 08:06:03,T17-VM02-Ubuntu32,22,21,26,26,24
2014-11-23 08:06:03,T17-VM04-Ubuntu32,23,-1,-1,23,24
2014-11-23 08:06:04,T17-VM03-Ubuntu32,22,-1,-1,24,25
2014-11-23 08:06:09,T17-VM02-Ubuntu32,22,21,26,26,24
2014-11-23 08:06:09,T17-VM01-Ubuntu32,69,26,48,68,87
2014-11-23 08:06:09,T17-VM04-Ubuntu32,23,-1,-1,23,24
2014-11-23 08:06:09,T17-VM03-Ubuntu32,22,-1,-1,24,25
2014-11-23 08:06:15,T17-VM02-Ubuntu32,23,21,24,25,22
2014-11-23 08:06:15,T17-VM04-Ubuntu32,47,-1,-1,24,22
2014-11-23 08:06:15,T17-VM03-Ubuntu32,22,-1,-1,24,23
2014-11-23 08:06:15,T17-VM01-Ubuntu32,76,54,51,622,107
2014-11-23 08:06:21,T17-VM01-Ubuntu32,76,54,51,622,107
2014-11-23 08:06:21,T17-VM02-Ubuntu32,23,21,24,25,22
2014-11-23 08:06:21,T17-VM04-Ubuntu32,47,-1,-1,24,22
2014-11-23 08:06:21,T17-VM03-Ubuntu32,22,-1,-1,24,23
2014-11-23 08:06:27,T17-VM02-Ubuntu32,23,21,24,25,22
2014-11-23 08:06:27,T17-VM01-Ubuntu32,76,54,51,622,107
2014-11-23 08:06:27,T17-VM03-Ubuntu32,22,-1,-1,24,23
2014-11-23 08:06:27,T17-VM04-Ubuntu32,47,-1,-1,24,22
2014-11-23 08:06:33,T17-VM02-Ubuntu32,31,26,20,23,26
2014-11-23 08:06:33,T17-VM01-Ubuntu32,116,84,34,66,201
2014-11-23 08:06:33,T17-VM04-Ubuntu32,24,-1,-1,24,26
2014-11-23 08:06:33,T17-VM03-Ubuntu32,24,-1,-1,24,27
2014-11-23 08:06:38,T17-VM02-Ubuntu32,31,26,20,23,26
2014-11-23 08:06:38,T17-VM03-Ubuntu32,24,-1,-1,24,27
2014-11-23 08:06:38,T17-VM01-Ubuntu32,116,84,34,66,201
2014-11-23 08:06:38,T17-VM04-Ubuntu32,24,-1,-1,24,26
2014-11-23 08:06:44,T17-VM02-Ubuntu32,31,26,20,23,26
2014-11-23 08:06:44,T17-VM03-Ubuntu32,24,-1,-1,24,27
2014-11-23 08:06:44,T17-VM04-Ubuntu32,24,-1,-1,24,26
2014-11-23 08:06:44,T17-VM01-Ubuntu32,116,84,34,66,201
2014-11-23 08:06:49,T17-VM02-Ubuntu32,31,26,20,23,26
2014-11-23 08:06:50,T17-VM04-Ubuntu32,24,-1,-1,24,26
2014-11-23 08:06:50,T17-VM03-Ubuntu32,24,-1,-1,24,27
2014-11-23 08:06:50,T17-VM01-Ubuntu32,116,84,34,66,201
2014-11-23 08:06:55,T17-VM02-Ubuntu32,27,21,23,22,23
2014-11-23 08:06:56,T17-VM04-Ubuntu32,24,-1,-1,22,25
2014-11-23 08:06:56,T17-VM01-Ubuntu32,86,55,34,137,950
2014-11-23 08:06:56,T17-VM03-Ubuntu32,24,-1,-1,24,25
2014-11-23 08:07:00,T17-VM02-Ubuntu32,27,21,23,22,23
2014-11-23 08:07:01,T17-VM03-Ubuntu32,24,-1,-1,24,25
2014-11-23 08:07:02,T17-VM04-Ubuntu32,24,-1,-1,22,25
2014-11-23 08:07:02,T17-VM01-Ubuntu32,86,55,34,137,950
2014-11-23 08:07:06,T17-VM02-Ubuntu32,27,21,23,22,23
2014-11-23 08:07:07,T17-VM03-Ubuntu32,24,-1,-1,24,25
2014-11-23 08:07:07,T17-VM04-Ubuntu32,24,-1,-1,22,25
2014-11-23 08:07:07,T17-VM01-Ubuntu32,86,55,34,137,950
2014-11-23 08:07:11,T17-VM02-Ubuntu32,23,21,24,24,23
2014-11-23 08:07:12,T17-VM03-Ubuntu32,27,-1,-1,25,24
2014-11-23 08:07:13,T17-VM04-Ubuntu32,27,-1,-1,24,25
2014-11-23 08:07:13,T17-VM01-Ubuntu32,127,123,149,72,70
2014-11-23 08:07:17,T17-VM02-Ubuntu32,23,21,24,24,23
2014-11-23 08:07:18,T17-VM03-Ubuntu32,27,-1,-1,25,24
2014-11-23 08:07:19,T17-VM01-Ubuntu32,127,123,149,72,70
2014-11-23 08:07:19,T17-VM04-Ubuntu32,27,-1,-1,24,25
2014-11-23 08:07:22,T17-VM02-Ubuntu32,23,21,24,24,23
2014-11-23 08:07:23,T17-VM03-Ubuntu32,27,-1,-1,25,24
2014-11-23 08:07:24,T17-VM04-Ubuntu32,27,-1,-1,24,25
2014-11-23 08:07:24,T17-VM01-Ubuntu32,127,123,149,72,70
2014-11-23 08:07:27,T17-VM02-Ubuntu32,23,21,24,24,23
2014-11-23 08:07:29,T17-VM03-Ubuntu32,27,-1,-1,25,24
2014-11-23 08:07:30,T17-VM01-Ubuntu32,127,123,149,72,70
2014-11-23 08:07:30,T17-VM04-Ubuntu32,27,-1,-1,24,25
2014-11-23 08:07:33,T17-VM02-Ubuntu32,22,21,59,21,23
2014-11-23 08:07:34,T17-VM03-Ubuntu32,22,-1,-1,22,23
2014-11-23 08:07:35,T17-VM04-Ubuntu32,25,-1,-1,23,22
2014-11-23 08:07:35,T17-VM01-Ubuntu32,67,46,126,67,136
2014-11-23 08:07:38,T17-VM02-Ubuntu32,22,21,59,21,23
2014-11-23 08:07:40,T17-VM03-Ubuntu32,22,-1,-1,22,23
2014-11-23 08:07:41,T17-VM01-Ubuntu32,67,46,126,67,136
2014-11-23 08:07:41,T17-VM04-Ubuntu32,25,-1,-1,23,22
2014-11-23 08:07:43,T17-VM02-Ubuntu32,22,21,59,21,23
2014-11-23 08:07:45,T17-VM03-Ubuntu32,22,-1,-1,22,23
2014-11-23 08:07:46,T17-VM04-Ubuntu32,25,-1,-1,23,22
2014-11-23 08:07:46,T17-VM01-Ubuntu32,67,46,126,67,136
2014-11-23 08:07:49,T17-VM02-Ubuntu32,22,21,59,21,23
2014-11-23 08:07:51,T17-VM03-Ubuntu32,24,-1,-1,22,26
2014-11-23 08:07:52,T17-VM04-Ubuntu32,23,-1,-1,21,63
2014-11-23 08:07:52,T17-VM01-Ubuntu32,67,60,27,63,192
2014-11-23 08:07:54,T17-VM02-Ubuntu32,24,27,1635,22,25
2014-11-23 08:07:56,T17-VM03-Ubuntu32,24,-1,-1,22,26
2014-11-23 08:07:57,T17-VM01-Ubuntu32,67,60,27,63,192
2014-11-23 08:07:57,T17-VM04-Ubuntu32,23,-1,-1,21,63
2014-11-23 08:08:00,T17-VM02-Ubuntu32,24,27,1635,22,25
2014-11-23 08:08:02,T17-VM03-Ubuntu32,24,-1,-1,22,26
2014-11-23 08:08:03,T17-VM04-Ubuntu32,23,-1,-1,21,63
2014-11-23 08:08:03,T17-VM01-Ubuntu32,67,60,27,63,192
2014-11-23 08:08:05,T17-VM02-Ubuntu32,24,27,1635,22,25
2014-11-23 08:08:07,T17-VM03-Ubuntu32,24,-1,-1,22,26
2014-11-23 08:08:08,T17-VM01-Ubuntu32,67,60,27,63,192
2014-11-23 08:08:08,T17-VM04-Ubuntu32,23,-1,-1,21,63
2014-11-23 08:08:10,T17-VM02-Ubuntu32,26,22,2336,24,24
2014-11-23 08:08:12,T17-VM03-Ubuntu32,26,-1,-1,25,24
2014-11-23 08:08:14,T17-VM01-Ubuntu32,72,27,63,69,188
2014-11-23 08:08:14,T17-VM04-Ubuntu32,25,-1,-1,26,616
2014-11-23 08:08:16,T17-VM02-Ubuntu32,26,22,2336,24,24
2014-11-23 08:08:18,T17-VM03-Ubuntu32,26,-1,-1,25,24
2014-11-23 08:08:19,T17-VM04-Ubuntu32,25,-1,-1,26,616
2014-11-23 08:08:19,T17-VM01-Ubuntu32,72,27,63,69,188
2014-11-23 08:08:21,T17-VM02-Ubuntu32,26,22,2336,24,24
2014-11-23 08:08:23,T17-VM03-Ubuntu32,26,-1,-1,25,24
2014-11-23 08:08:25,T17-VM04-Ubuntu32,25,-1,-1,26,616
2014-11-23 08:08:25,T17-VM01-Ubuntu32,72,27,63,69,188
2014-11-23 08:08:26,T17-VM02-Ubuntu32,26,22,2336,24,24
2014-11-23 08:08:29,T17-VM03-Ubuntu32,26,-1,-1,25,24
2014-11-23 08:08:30,T17-VM01-Ubuntu32,72,27,63,69,188
2014-11-23 08:08:30,T17-VM04-Ubuntu32,26,-1,-1,26,2116
2014-11-23 08:08:32,T17-VM02-Ubuntu32,25,21,1442,23,801
2014-11-23 08:08:34,T17-VM03-Ubuntu32,24,-1,-1,24,19
2014-11-23 08:08:36,T17-VM01-Ubuntu32,68,30,52,66,68
2014-11-23 08:08:36,T17-VM04-Ubuntu32,26,-1,-1,26,2116
2014-11-23 08:08:37,T17-VM02-Ubuntu32,25,21,1442,23,801
2014-11-23 08:08:40,T17-VM03-Ubuntu32,24,-1,-1,24,19
2014-11-23 08:08:41,T17-VM04-Ubuntu32,26,-1,-1,26,2116
2014-11-23 08:08:41,T17-VM01-Ubuntu32,68,30,52,66,68
2014-11-23 08:08:43,T17-VM02-Ubuntu32,25,21,1442,23,801
2014-11-23 08:08:45,T17-VM03-Ubuntu32,24,-1,-1,24,19
2014-11-23 08:08:47,T17-VM01-Ubuntu32,68,30,52,66,68
2014-11-23 08:08:47,T17-VM04-Ubuntu32,26,-1,-1,26,2116
2014-11-23 08:08:48,T17-VM02-Ubuntu32,25,21,1442,23,801
2014-11-23 08:08:51,T17-VM03-Ubuntu32,23,-1,-1,22,22
2014-11-23 08:08:53,T17-VM01-Ubuntu32,67,30,32,88,152
2014-11-23 08:08:53,T17-VM04-Ubuntu32,22,-1,-1,23,2257
2014-11-23 08:08:53,T17-VM02-Ubuntu32,21,26,44,22,472
2014-11-23 08:08:56,T17-VM03-Ubuntu32,23,-1,-1,22,22
2014-11-23 08:08:58,T17-VM04-Ubuntu32,22,-1,-1,23,2257
2014-11-23 08:08:58,T17-VM01-Ubuntu32,67,30,32,88,152
2014-11-23 08:08:59,T17-VM02-Ubuntu32,21,26,44,22,472
2014-11-23 08:09:02,T17-VM03-Ubuntu32,23,-1,-1,22,22
2014-11-23 08:09:04,T17-VM04-Ubuntu32,22,-1,-1,23,2257
2014-11-23 08:09:04,T17-VM01-Ubuntu32,67,30,32,88,152
2014-11-23 08:09:05,T17-VM02-Ubuntu32,21,26,44,22,472
2014-11-23 08:09:07,T17-VM03-Ubuntu32,23,-1,-1,22,22
2014-11-23 08:09:10,T17-VM01-Ubuntu32,67,30,32,88,152
2014-11-23 08:09:10,T17-VM04-Ubuntu32,22,-1,-1,23,2257
2014-11-23 08:09:10,T17-VM02-Ubuntu32,22,24,22,25,292
2014-11-23 08:09:13,T17-VM03-Ubuntu32,24,-1,-1,25,33
2014-11-23 08:09:15,T17-VM04-Ubuntu32,26,-1,-1,30,556
2014-11-23 08:09:15,T17-VM01-Ubuntu32,69,57,77,76,190
2014-11-23 08:09:16,T17-VM02-Ubuntu32,22,24,22,25,292
2014-11-23 08:09:18,T17-VM03-Ubuntu32,24,-1,-1,25,33
2014-11-23 08:09:21,T17-VM01-Ubuntu32,69,57,77,76,190
2014-11-23 08:09:21,T17-VM04-Ubuntu32,26,-1,-1,30,556
2014-11-23 08:09:21,T17-VM02-Ubuntu32,22,24,22,25,292
2014-11-23 08:09:23,T17-VM03-Ubuntu32,24,-1,-1,25,33
2014-11-23 08:09:27,T17-VM04-Ubuntu32,26,-1,-1,30,556
2014-11-23 08:09:27,T17-VM02-Ubuntu32,22,24,22,25,292
2014-11-23 08:09:27,T17-VM01-Ubuntu32,69,57,77,76,190
2014-11-23 08:09:29,T17-VM03-Ubuntu32,24,-1,-1,25,33
2014-11-23 08:09:33,T17-VM04-Ubuntu32,24,-1,-1,25,86
2014-11-23 08:09:33,T17-VM01-Ubuntu32,68,34,64,70,167
2014-11-23 08:09:33,T17-VM02-Ubuntu32,24,21,24,24,67
2014-11-23 08:09:35,T17-VM03-Ubuntu32,23,-1,-1,25,24
2014-11-23 08:09:39,T17-VM04-Ubuntu32,24,-1,-1,25,86
2014-11-23 08:09:39,T17-VM01-Ubuntu32,68,34,64,70,167
2014-11-23 08:09:39,T17-VM02-Ubuntu32,24,21,24,24,67
2014-11-23 08:09:40,T17-VM03-Ubuntu32,23,-1,-1,25,24
2014-11-23 08:09:45,T17-VM04-Ubuntu32,24,-1,-1,25,86
2014-11-23 08:09:45,T17-VM01-Ubuntu32,68,34,64,70,167
2014-11-23 08:09:45,T17-VM02-Ubuntu32,24,21,24,24,67
2014-11-23 08:09:46,T17-VM03-Ubuntu32,23,-1,-1,25,24
2014-11-23 08:09:50,T17-VM04-Ubuntu32,22,-1,-1,21,101
2014-11-23 08:09:51,T17-VM01-Ubuntu32,68,34,64,70,167
2014-11-23 08:09:51,T17-VM02-Ubuntu32,23,22,22,21,62
2014-11-23 08:09:51,T17-VM03-Ubuntu32,23,-1,-1,22,25
2014-11-23 08:09:56,T17-VM02-Ubuntu32,23,22,22,21,62
2014-11-23 08:09:56,T17-VM04-Ubuntu32,22,-1,-1,21,101
2014-11-23 08:09:56,T17-VM01-Ubuntu32,67,32,57,92,268
2014-11-23 08:09:57,T17-VM03-Ubuntu32,23,-1,-1,22,25
2014-11-23 08:10:02,T17-VM04-Ubuntu32,22,-1,-1,21,101
2014-11-23 08:10:02,T17-VM02-Ubuntu32,23,22,22,21,62
2014-11-23 08:10:02,T17-VM01-Ubuntu32,67,32,57,92,268
2014-11-23 08:10:02,T17-VM03-Ubuntu32,23,-1,-1,22,25
2014-11-23 08:10:08,T17-VM04-Ubuntu32,22,-1,-1,21,101
2014-11-23 08:10:08,T17-VM01-Ubuntu32,67,32,57,92,268
2014-11-23 08:10:08,T17-VM02-Ubuntu32,23,22,22,21,62
2014-11-23 08:10:08,T17-VM03-Ubuntu32,23,-1,-1,22,25
2014-11-23 08:10:13,T17-VM04-Ubuntu32,24,-1,-1,24,29
2014-11-23 08:10:13,T17-VM01-Ubuntu32,70,29,65,87,242
2014-11-23 08:10:13,T17-VM03-Ubuntu32,24,-1,-1,25,28
2014-11-23 08:10:13,T17-VM02-Ubuntu32,24,25,24,24,53
2014-11-23 08:10:19,T17-VM04-Ubuntu32,24,-1,-1,24,29
2014-11-23 08:10:19,T17-VM01-Ubuntu32,70,29,65,87,242
2014-11-23 08:10:19,T17-VM03-Ubuntu32,24,-1,-1,25,28
2014-11-23 08:10:19,T17-VM02-Ubuntu32,24,25,24,24,53
2014-11-23 08:10:25,T17-VM01-Ubuntu32,70,29,65,87,242
2014-11-23 08:10:25,T17-VM02-Ubuntu32,24,25,24,24,53
2014-11-23 08:10:25,T17-VM04-Ubuntu32,24,-1,-1,24,29
2014-11-23 08:10:25,T17-VM03-Ubuntu32,24,-1,-1,25,28
2014-11-23 08:10:30,T17-VM03-Ubuntu32,22,-1,-1,23,24
2014-11-23 08:10:30,T17-VM04-Ubuntu32,24,-1,-1,22,23
2014-11-23 08:10:30,T17-VM01-Ubuntu32,70,29,65,87,242
2014-11-23 08:10:30,T17-VM02-Ubuntu32,23,35,23,22,30
2014-11-23 08:10:36,T17-VM03-Ubuntu32,22,-1,-1,23,24
2014-11-23 08:10:36,T17-VM04-Ubuntu32,24,-1,-1,22,23
2014-11-23 08:10:36,T17-VM02-Ubuntu32,23,35,23,22,30
2014-11-23 08:10:36,T17-VM01-Ubuntu32,68,63,53,107,177
2014-11-23 08:10:42,T17-VM03-Ubuntu32,22,-1,-1,23,24
2014-11-23 08:10:42,T17-VM04-Ubuntu32,24,-1,-1,22,23
2014-11-23 08:10:42,T17-VM01-Ubuntu32,68,63,53,107,177
2014-11-23 08:10:42,T17-VM02-Ubuntu32,23,35,23,22,30
2014-11-23 08:10:47,T17-VM03-Ubuntu32,22,-1,-1,23,24
2014-11-23 08:10:48,T17-VM04-Ubuntu32,24,-1,-1,22,23
2014-11-23 08:10:48,T17-VM02-Ubuntu32,23,35,23,22,30
2014-11-23 08:10:48,T17-VM01-Ubuntu32,68,63,53,107,177
2014-11-23 08:10:53,T17-VM02-Ubuntu32,23,23,22,26,40
2014-11-23 08:10:54,T17-VM04-Ubuntu32,22,-1,-1,26,27
2014-11-23 08:10:54,T17-VM03-Ubuntu32,24,-1,-1,27,26
2014-11-23 08:10:54,T17-VM01-Ubuntu32,65,45,52,201,226
2014-11-23 08:10:59,T17-VM01-Ubuntu32,65,45,52,201,226
2014-11-23 08:10:59,T17-VM04-Ubuntu32,22,-1,-1,26,27
2014-11-23 08:11:00,T17-VM03-Ubuntu32,24,-1,-1,27,26
2014-11-23 08:11:00,T17-VM02-Ubuntu32,23,23,22,26,40
2014-11-23 08:11:05,T17-VM04-Ubuntu32,22,-1,-1,26,27
2014-11-23 08:11:06,T17-VM01-Ubuntu32,65,45,52,201,226
2014-11-23 08:11:06,T17-VM02-Ubuntu32,23,23,22,26,40
2014-11-23 08:11:06,T17-VM03-Ubuntu32,24,-1,-1,27,26
2014-11-23 08:11:11,T17-VM04-Ubuntu32,25,-1,-1,25,26
2014-11-23 08:11:11,T17-VM01-Ubuntu32,65,45,52,201,226
2014-11-23 08:11:11,T17-VM02-Ubuntu32,25,21,21,23,50
2014-11-23 08:11:12,T17-VM03-Ubuntu32,26,-1,-1,25,26
2014-11-23 08:11:17,T17-VM04-Ubuntu32,25,-1,-1,25,26
2014-11-23 08:11:17,T17-VM02-Ubuntu32,25,21,21,23,50
2014-11-23 08:11:17,T17-VM03-Ubuntu32,26,-1,-1,25,26
2014-11-23 08:11:17,T17-VM01-Ubuntu32,70,73,43,950,156
2014-11-23 08:11:22,T17-VM04-Ubuntu32,25,-1,-1,25,26
2014-11-23 08:11:23,T17-VM01-Ubuntu32,70,73,43,950,156
2014-11-23 08:11:23,T17-VM02-Ubuntu32,25,21,21,23,50
2014-11-23 08:11:23,T17-VM03-Ubuntu32,26,-1,-1,25,26
2014-11-23 08:11:28,T17-VM04-Ubuntu32,25,-1,-1,25,26
2014-11-23 08:11:29,T17-VM02-Ubuntu32,25,21,21,23,50
2014-11-23 08:11:29,T17-VM03-Ubuntu32,26,-1,-1,25,26
2014-11-23 08:11:29,T17-VM01-Ubuntu32,70,73,43,950,156
2014-11-23 08:11:33,T17-VM04-Ubuntu32,24,-1,-1,25,23
2014-11-23 08:11:34,T17-VM03-Ubuntu32,24,-1,-1,24,26
2014-11-23 08:11:34,T17-VM01-Ubuntu32,67,30,88,70,94
2014-11-23 08:11:34,T17-VM02-Ubuntu32,23,20,21,23,35
2014-11-23 08:11:39,T17-VM04-Ubuntu32,24,-1,-1,25,23
2014-11-23 08:11:40,T17-VM03-Ubuntu32,24,-1,-1,24,26
2014-11-23 08:11:40,T17-VM01-Ubuntu32,67,30,88,70,94
2014-11-23 08:11:40,T17-VM02-Ubuntu32,23,20,21,23,35
2014-11-23 08:11:44,T17-VM04-Ubuntu32,24,-1,-1,25,23
2014-11-23 08:11:45,T17-VM03-Ubuntu32,24,-1,-1,24,26
2014-11-23 08:11:45,T17-VM01-Ubuntu32,67,30,88,70,94
2014-11-23 08:11:46,T17-VM02-Ubuntu32,23,20,21,23,35
2014-11-23 08:11:49,T17-VM04-Ubuntu32,24,-1,-1,25,23
2014-11-23 08:11:51,T17-VM03-Ubuntu32,24,-1,-1,23,30
2014-11-23 08:11:51,T17-VM02-Ubuntu32,26,22,21,23,40
2014-11-23 08:11:51,T17-VM01-Ubuntu32,67,30,88,70,94
2014-11-23 08:11:54,T17-VM04-Ubuntu32,23,-1,-1,22,29
2014-11-23 08:11:56,T17-VM01-Ubuntu32,68,55,26,136,89
2014-11-23 08:11:57,T17-VM03-Ubuntu32,24,-1,-1,23,30
2014-11-23 08:11:57,T17-VM02-Ubuntu32,26,22,21,23,40
2014-11-23 08:12:00,T17-VM04-Ubuntu32,23,-1,-1,22,29
2014-11-23 08:12:02,T17-VM01-Ubuntu32,68,55,26,136,89
2014-11-23 08:12:02,T17-VM02-Ubuntu32,26,22,21,23,40
2014-11-23 08:12:02,T17-VM03-Ubuntu32,24,-1,-1,23,30
2014-11-23 08:12:05,T17-VM04-Ubuntu32,23,-1,-1,22,29
2014-11-23 08:12:07,T17-VM01-Ubuntu32,68,55,26,136,89
2014-11-23 08:12:08,T17-VM03-Ubuntu32,24,-1,-1,23,30
2014-11-23 08:12:08,T17-VM02-Ubuntu32,26,22,21,23,40
2014-11-23 08:12:10,T17-VM04-Ubuntu32,24,-1,-1,63,24
2014-11-23 08:12:13,T17-VM01-Ubuntu32,622,81,54,192,96
2014-11-23 08:12:13,T17-VM02-Ubuntu32,25,58,21,25,26
2014-11-23 08:12:13,T17-VM03-Ubuntu32,24,-1,-1,26,24
2014-11-23 08:12:16,T17-VM04-Ubuntu32,24,-1,-1,63,24
2014-11-23 08:12:18,T17-VM01-Ubuntu32,622,81,54,192,96
2014-11-23 08:12:19,T17-VM02-Ubuntu32,25,58,21,25,26
2014-11-23 08:12:19,T17-VM03-Ubuntu32,24,-1,-1,26,24
2014-11-23 08:12:21,T17-VM04-Ubuntu32,24,-1,-1,63,24
2014-11-23 08:12:24,T17-VM01-Ubuntu32,622,81,54,192,96
2014-11-23 08:12:24,T17-VM02-Ubuntu32,25,58,21,25,26
2014-11-23 08:12:24,T17-VM03-Ubuntu32,24,-1,-1,26,24
2014-11-23 08:12:26,T17-VM04-Ubuntu32,24,-1,-1,63,24
2014-11-23 08:12:29,T17-VM01-Ubuntu32,622,81,54,192,96
2014-11-23 08:12:30,T17-VM02-Ubuntu32,25,58,21,25,26
2014-11-23 08:12:30,T17-VM03-Ubuntu32,24,-1,-1,26,24
2014-11-23 08:12:32,T17-VM04-Ubuntu32,24,-1,-1,616,23
2014-11-23 08:12:34,T17-VM01-Ubuntu32,66,113,84,188,85
2014-11-23 08:12:35,T17-VM03-Ubuntu32,24,-1,-1,24,24
2014-11-23 08:12:35,T17-VM02-Ubuntu32,23,21,26,24,25
2014-11-23 08:12:37,T17-VM04-Ubuntu32,24,-1,-1,616,23
2014-11-23 08:12:40,T17-VM01-Ubuntu32,66,113,84,188,85
2014-11-23 08:12:41,T17-VM03-Ubuntu32,24,-1,-1,24,24
2014-11-23 08:12:41,T17-VM02-Ubuntu32,23,21,26,24,25
2014-11-23 08:12:43,T17-VM04-Ubuntu32,24,-1,-1,616,23
2014-11-23 08:12:45,T17-VM01-Ubuntu32,66,113,84,188,85
2014-11-23 08:12:47,T17-VM02-Ubuntu32,23,21,26,24,25
2014-11-23 08:12:47,T17-VM03-Ubuntu32,24,-1,-1,24,24
2014-11-23 08:12:48,T17-VM04-Ubuntu32,24,-1,-1,616,23
2014-11-23 08:12:51,T17-VM01-Ubuntu32,66,113,84,188,85
2014-11-23 08:12:52,T17-VM02-Ubuntu32,22,22,21,801,29
2014-11-23 08:12:52,T17-VM03-Ubuntu32,24,-1,-1,19,25
2014-11-23 08:12:53,T17-VM04-Ubuntu32,22,-1,-1,2116,24
2014-11-23 08:12:56,T17-VM01-Ubuntu32,137,79,55,68,307
2014-11-23 08:12:58,T17-VM02-Ubuntu32,22,22,21,801,29
2014-11-23 08:12:58,T17-VM03-Ubuntu32,24,-1,-1,19,25
2014-11-23 08:12:59,T17-VM04-Ubuntu32,22,-1,-1,2116,24
2014-11-23 08:13:01,T17-VM01-Ubuntu32,137,79,55,68,307
2014-11-23 08:13:03,T17-VM02-Ubuntu32,22,22,21,801,29
2014-11-23 08:13:03,T17-VM03-Ubuntu32,24,-1,-1,19,25
2014-11-23 08:13:04,T17-VM04-Ubuntu32,22,-1,-1,2116,24
2014-11-23 08:13:07,T17-VM01-Ubuntu32,137,79,55,68,307
2014-11-23 08:13:08,T17-VM02-Ubuntu32,22,22,21,801,29
2014-11-23 08:13:09,T17-VM03-Ubuntu32,24,-1,-1,19,25
2014-11-23 08:13:09,T17-VM04-Ubuntu32,22,-1,-1,2116,24
2014-11-23 08:13:12,T17-VM01-Ubuntu32,72,129,123,152,253
2014-11-23 08:13:14,T17-VM02-Ubuntu32,24,20,21,472,43
2014-11-23 08:13:14,T17-VM03-Ubuntu32,25,-1,-1,22,24
2014-11-23 08:13:14,T17-VM04-Ubuntu32,24,-1,-1,2257,26
2014-11-23 08:13:17,T17-VM01-Ubuntu32,72,129,123,152,253
2014-11-23 08:13:19,T17-VM02-Ubuntu32,24,20,21,472,43
2014-11-23 08:13:19,T17-VM03-Ubuntu32,25,-1,-1,22,24
2014-11-23 08:13:20,T17-VM04-Ubuntu32,24,-1,-1,2257,26
2014-11-23 08:13:23,T17-VM01-Ubuntu32,72,129,123,152,253
2014-11-23 08:13:25,T17-VM02-Ubuntu32,24,20,21,472,43
2014-11-23 08:13:25,T17-VM03-Ubuntu32,25,-1,-1,22,24
2014-11-23 08:13:25,T17-VM04-Ubuntu32,24,-1,-1,2257,26
2014-11-23 08:13:28,T17-VM01-Ubuntu32,72,129,123,152,253
2014-11-23 08:13:30,T17-VM02-Ubuntu32,21,24,21,292,43
2014-11-23 08:13:30,T17-VM03-Ubuntu32,22,-1,-1,33,22
2014-11-23 08:13:31,T17-VM04-Ubuntu32,23,-1,-1,556,21
2014-11-23 08:13:33,T17-VM01-Ubuntu32,67,29,46,190,902
2014-11-23 08:13:36,T17-VM02-Ubuntu32,21,24,21,292,43
2014-11-23 08:13:36,T17-VM03-Ubuntu32,22,-1,-1,33,22
2014-11-23 08:13:36,T17-VM04-Ubuntu32,23,-1,-1,556,21
2014-11-23 08:13:39,T17-VM01-Ubuntu32,67,29,46,190,902
2014-11-23 08:13:41,T17-VM03-Ubuntu32,22,-1,-1,33,22
2014-11-23 08:13:41,T17-VM02-Ubuntu32,21,24,21,292,43
2014-11-23 08:13:42,T17-VM04-Ubuntu32,23,-1,-1,556,21
2014-11-23 08:13:44,T17-VM01-Ubuntu32,67,29,46,190,902
2014-11-23 08:13:47,T17-VM03-Ubuntu32,22,-1,-1,33,22
2014-11-23 08:13:47,T17-VM02-Ubuntu32,21,24,21,292,43
2014-11-23 08:13:47,T17-VM04-Ubuntu32,23,-1,-1,556,21
2014-11-23 08:13:51,T17-VM01-Ubuntu32,67,29,46,190,902
2014-11-23 08:13:53,T17-VM03-Ubuntu32,22,-1,-1,24,27
2014-11-23 08:13:53,T17-VM02-Ubuntu32,22,24,27,67,38
2014-11-23 08:13:53,T17-VM04-Ubuntu32,21,-1,-1,86,26
2014-11-23 08:13:56,T17-VM01-Ubuntu32,63,66,60,167,155
2014-11-23 08:13:59,T17-VM03-Ubuntu32,22,-1,-1,24,27
2014-11-23 08:13:59,T17-VM04-Ubuntu32,21,-1,-1,86,26
2014-11-23 08:13:59,T17-VM02-Ubuntu32,22,24,27,67,38
2014-11-23 08:14:02,T17-VM01-Ubuntu32,63,66,60,167,155
2014-11-23 08:14:05,T17-VM03-Ubuntu32,22,-1,-1,24,27
2014-11-23 08:14:05,T17-VM02-Ubuntu32,22,24,27,67,38
2014-11-23 08:14:05,T17-VM04-Ubuntu32,21,-1,-1,86,26
2014-11-23 08:14:09,T17-VM01-Ubuntu32,63,66,60,167,155
2014-11-23 08:14:12,T17-VM03-Ubuntu32,25,-1,-1,25,25
2014-11-23 08:14:12,T17-VM02-Ubuntu32,24,21,22,62,26
2014-11-23 08:14:12,T17-VM04-Ubuntu32,26,-1,-1,101,26
2014-11-23 08:14:14,T17-VM01-Ubuntu32,69,35,27,268,87
2014-11-23 08:14:18,T17-VM02-Ubuntu32,24,21,22,62,26
2014-11-23 08:14:18,T17-VM03-Ubuntu32,25,-1,-1,25,25
2014-11-23 08:14:18,T17-VM04-Ubuntu32,26,-1,-1,101,26
2014-11-23 08:14:20,T17-VM01-Ubuntu32,69,35,27,268,87
2014-11-23 08:14:24,T17-VM04-Ubuntu32,26,-1,-1,101,26
2014-11-23 08:14:24,T17-VM03-Ubuntu32,25,-1,-1,25,25
2014-11-23 08:14:24,T17-VM02-Ubuntu32,24,21,22,62,26
2014-11-23 08:14:26,T17-VM01-Ubuntu32,69,35,27,268,87
2014-11-23 08:14:30,T17-VM04-Ubuntu32,26,-1,-1,29,29
2014-11-23 08:14:31,T17-VM02-Ubuntu32,23,21,21,53,32
2014-11-23 08:14:31,T17-VM03-Ubuntu32,24,-1,-1,28,30
2014-11-23 08:14:31,T17-VM01-Ubuntu32,69,35,27,268,87
2014-11-23 08:14:36,T17-VM04-Ubuntu32,26,-1,-1,29,29
2014-11-23 08:14:36,T17-VM03-Ubuntu32,24,-1,-1,28,30
2014-11-23 08:14:36,T17-VM02-Ubuntu32,23,21,21,53,32
2014-11-23 08:14:37,T17-VM01-Ubuntu32,66,36,30,242,71
2014-11-23 08:14:43,T17-VM04-Ubuntu32,26,-1,-1,29,29
2014-11-23 08:14:43,T17-VM03-Ubuntu32,24,-1,-1,28,30
2014-11-23 08:14:43,T17-VM02-Ubuntu32,23,21,21,53,32
2014-11-23 08:14:43,T17-VM01-Ubuntu32,66,36,30,242,71
2014-11-23 08:14:49,T17-VM02-Ubuntu32,23,21,21,53,32
2014-11-23 08:14:49,T17-VM04-Ubuntu32,26,-1,-1,29,29
2014-11-23 08:14:49,T17-VM03-Ubuntu32,24,-1,-1,28,30
2014-11-23 08:14:50,T17-VM01-Ubuntu32,66,36,30,242,71
2014-11-23 08:14:56,T17-VM03-Ubuntu32,22,-1,-1,24,40
2014-11-23 08:14:56,T17-VM02-Ubuntu32,22,27,26,30,43
2014-11-23 08:14:56,T17-VM01-Ubuntu32,88,-1,30,177,94
2014-11-23 08:14:56,T17-VM04-Ubuntu32,23,-1,-1,23,38
2014-11-23 08:15:01,T17-VM03-Ubuntu32,22,-1,-1,24,40
2014-11-23 08:15:02,T17-VM04-Ubuntu32,23,-1,-1,23,38
2014-11-23 08:15:02,T17-VM01-Ubuntu32,88,-1,30,177,94
2014-11-23 08:15:02,T17-VM02-Ubuntu32,22,27,26,30,43
2014-11-23 08:15:07,T17-VM03-Ubuntu32,22,-1,-1,24,40
2014-11-23 08:15:08,T17-VM01-Ubuntu32,88,-1,30,177,94
2014-11-23 08:15:08,T17-VM02-Ubuntu32,22,27,26,30,43
2014-11-23 08:15:08,T17-VM04-Ubuntu32,23,-1,-1,23,38
2014-11-23 08:15:13,T17-VM03-Ubuntu32,25,-1,-1,26,24
2014-11-23 08:15:16,T17-VM01-Ubuntu32,76,-1,57,226,73
2014-11-23 08:15:16,T17-VM02-Ubuntu32,25,24,24,40,31
2014-11-23 08:15:16,T17-VM04-Ubuntu32,30,-1,-1,27,26
2014-11-23 08:15:19,T17-VM03-Ubuntu32,25,-1,-1,26,24
2014-11-23 08:15:23,T17-VM01-Ubuntu32,76,-1,57,226,73
2014-11-23 08:15:23,T17-VM02-Ubuntu32,25,24,24,40,31
2014-11-23 08:15:23,T17-VM04-Ubuntu32,30,-1,-1,27,26
2014-11-23 08:15:25,T17-VM03-Ubuntu32,25,-1,-1,26,24
2014-11-23 08:15:29,T17-VM04-Ubuntu32,30,-1,-1,27,26
2014-11-23 08:15:29,T17-VM01-Ubuntu32,76,-1,57,226,73
2014-11-23 08:15:29,T17-VM02-Ubuntu32,25,24,24,40,31
2014-11-23 08:15:30,T17-VM03-Ubuntu32,25,-1,-1,26,24
2014-11-23 08:15:35,T17-VM04-Ubuntu32,25,-1,-1,26,23
2014-11-23 08:15:35,T17-VM02-Ubuntu32,24,23,21,50,51
2014-11-23 08:15:35,T17-VM01-Ubuntu32,70,-1,34,156,157
2014-11-23 08:15:36,T17-VM03-Ubuntu32,25,-1,-1,26,24
2014-11-23 08:15:40,T17-VM04-Ubuntu32,25,-1,-1,26,23
2014-11-23 08:15:40,T17-VM01-Ubuntu32,70,-1,34,156,157
2014-11-23 08:15:40,T17-VM02-Ubuntu32,24,23,21,50,51
2014-11-23 08:15:42,T17-VM03-Ubuntu32,25,-1,-1,26,24
2014-11-23 08:15:46,T17-VM04-Ubuntu32,25,-1,-1,26,23
2014-11-23 08:15:47,T17-VM01-Ubuntu32,70,-1,34,156,157
2014-11-23 08:15:47,T17-VM02-Ubuntu32,24,23,21,50,51
2014-11-23 08:15:48,T17-VM03-Ubuntu32,25,-1,-1,26,24
2014-11-23 08:15:52,T17-VM04-Ubuntu32,21,-1,-1,23,25
2014-11-23 08:15:52,T17-VM02-Ubuntu32,21,33,22,35,38
2014-11-23 08:15:52,T17-VM01-Ubuntu32,92,-1,32,94,215
2014-11-23 08:15:53,T17-VM03-Ubuntu32,22,-1,-1,26,25
2014-11-23 08:15:58,T17-VM02-Ubuntu32,21,33,22,35,38
2014-11-23 08:15:58,T17-VM04-Ubuntu32,21,-1,-1,23,25
2014-11-23 08:15:58,T17-VM01-Ubuntu32,92,-1,32,94,215
2014-11-23 08:15:59,T17-VM03-Ubuntu32,22,-1,-1,26,25
2014-11-23 08:16:04,T17-VM04-Ubuntu32,21,-1,-1,23,25
2014-11-23 08:16:04,T17-VM01-Ubuntu32,92,-1,32,94,215
2014-11-23 08:16:04,T17-VM02-Ubuntu32,21,33,22,35,38
2014-11-23 08:16:05,T17-VM03-Ubuntu32,22,-1,-1,26,25
2014-11-23 08:16:11,T17-VM04-Ubuntu32,24,-1,-1,29,25
2014-11-23 08:16:11,T17-VM01-Ubuntu32,92,-1,32,94,215
2014-11-23 08:16:11,T17-VM03-Ubuntu32,25,-1,-1,30,24
2014-11-23 08:16:11,T17-VM02-Ubuntu32,24,22,25,40,26
2014-11-23 08:16:16,T17-VM04-Ubuntu32,24,-1,-1,29,25
2014-11-23 08:16:17,T17-VM01-Ubuntu32,87,-1,29,89,210
2014-11-23 08:16:17,T17-VM03-Ubuntu32,25,-1,-1,30,24
2014-11-23 08:16:17,T17-VM02-Ubuntu32,24,22,25,40,26
2014-11-23 08:16:22,T17-VM04-Ubuntu32,24,-1,-1,29,25
2014-11-23 08:16:23,T17-VM03-Ubuntu32,25,-1,-1,30,24
2014-11-23 08:16:23,T17-VM02-Ubuntu32,24,22,25,40,26
2014-11-23 08:16:23,T17-VM01-Ubuntu32,87,-1,29,89,210
2014-11-23 08:16:27,T17-VM04-Ubuntu32,24,-1,-1,29,25
2014-11-23 08:16:29,T17-VM01-Ubuntu32,87,-1,29,89,210
2014-11-23 08:16:29,T17-VM02-Ubuntu32,24,22,25,40,26
2014-11-23 08:16:29,T17-VM03-Ubuntu32,25,-1,-1,30,24
2014-11-23 08:16:33,T17-VM04-Ubuntu32,22,-1,-1,24,25
2014-11-23 08:16:34,T17-VM01-Ubuntu32,107,-1,63,96,90
2014-11-23 08:16:34,T17-VM03-Ubuntu32,23,-1,-1,24,26
2014-11-23 08:16:34,T17-VM02-Ubuntu32,22,21,35,26,27
2014-11-23 08:16:38,T17-VM04-Ubuntu32,22,-1,-1,24,25
2014-11-23 08:16:40,T17-VM01-Ubuntu32,107,-1,63,96,90
2014-11-23 08:16:40,T17-VM02-Ubuntu32,22,21,35,26,27
2014-11-23 08:16:40,T17-VM03-Ubuntu32,23,-1,-1,24,26
2014-11-23 08:16:44,T17-VM04-Ubuntu32,22,-1,-1,24,25
2014-11-23 08:16:45,T17-VM01-Ubuntu32,107,-1,63,96,90
2014-11-23 08:16:46,T17-VM02-Ubuntu32,22,21,35,26,27
2014-11-23 08:16:46,T17-VM03-Ubuntu32,23,-1,-1,24,26
2014-11-23 08:16:49,T17-VM04-Ubuntu32,22,-1,-1,24,25
2014-11-23 08:16:51,T17-VM01-Ubuntu32,107,-1,63,96,90
2014-11-23 08:16:51,T17-VM02-Ubuntu32,26,26,23,25,28
2014-11-23 08:16:51,T17-VM03-Ubuntu32,27,-1,-1,24,27
2014-11-23 08:16:55,T17-VM04-Ubuntu32,26,-1,-1,23,26
2014-11-23 08:16:57,T17-VM01-Ubuntu32,201,-1,45,85,109
2014-11-23 08:16:57,T17-VM02-Ubuntu32,26,26,23,25,28
2014-11-23 08:16:57,T17-VM03-Ubuntu32,27,-1,-1,24,27
2014-11-23 08:17:00,T17-VM04-Ubuntu32,26,-1,-1,23,26
2014-11-23 08:17:02,T17-VM01-Ubuntu32,201,-1,45,85,109
2014-11-23 08:17:03,T17-VM02-Ubuntu32,26,26,23,25,28
2014-11-23 08:17:03,T17-VM03-Ubuntu32,27,-1,-1,24,27
2014-11-23 08:17:05,T17-VM04-Ubuntu32,26,-1,-1,23,26
2014-11-23 08:17:08,T17-VM01-Ubuntu32,201,-1,45,85,109
2014-11-23 08:17:08,T17-VM03-Ubuntu32,27,-1,-1,24,27
2014-11-23 08:17:08,T17-VM02-Ubuntu32,26,26,23,25,28
2014-11-23 08:17:11,T17-VM04-Ubuntu32,25,-1,-1,24,26
2014-11-23 08:17:14,T17-VM01-Ubuntu32,950,-1,73,307,323
2014-11-23 08:17:14,T17-VM02-Ubuntu32,23,20,21,29,27
2014-11-23 08:17:14,T17-VM03-Ubuntu32,25,-1,-1,25,24
2014-11-23 08:17:16,T17-VM04-Ubuntu32,25,-1,-1,24,26
2014-11-23 08:17:19,T17-VM01-Ubuntu32,950,-1,73,307,323
2014-11-23 08:17:20,T17-VM02-Ubuntu32,23,20,21,29,27
2014-11-23 08:17:20,T17-VM03-Ubuntu32,25,-1,-1,25,24
2014-11-23 08:17:22,T17-VM04-Ubuntu32,25,-1,-1,24,26
2014-11-23 08:17:25,T17-VM01-Ubuntu32,950,-1,73,307,323
2014-11-23 08:17:25,T17-VM03-Ubuntu32,25,-1,-1,25,24
2014-11-23 08:17:25,T17-VM02-Ubuntu32,23,20,21,29,27
2014-11-23 08:17:27,T17-VM04-Ubuntu32,25,-1,-1,24,26
2014-11-23 08:17:31,T17-VM01-Ubuntu32,950,-1,73,307,323
2014-11-23 08:17:31,T17-VM03-Ubuntu32,24,-1,-1,24,22
2014-11-23 08:17:31,T17-VM02-Ubuntu32,23,21,20,43,43
2014-11-23 08:17:33,T17-VM04-Ubuntu32,25,-1,-1,26,22
2014-11-23 08:17:36,T17-VM01-Ubuntu32,70,-1,30,253,790
2014-11-23 08:17:36,T17-VM02-Ubuntu32,23,21,20,43,43
2014-11-23 08:17:36,T17-VM03-Ubuntu32,24,-1,-1,24,22
2014-11-23 08:17:38,T17-VM04-Ubuntu32,25,-1,-1,26,22
2014-11-23 08:17:42,T17-VM01-Ubuntu32,70,-1,30,253,790
2014-11-23 08:17:42,T17-VM03-Ubuntu32,24,-1,-1,24,22
2014-11-23 08:17:43,T17-VM02-Ubuntu32,23,21,20,43,43
2014-11-23 08:17:44,T17-VM04-Ubuntu32,25,-1,-1,26,22
2014-11-23 08:17:48,T17-VM01-Ubuntu32,70,-1,30,253,790
2014-11-23 08:17:49,T17-VM02-Ubuntu32,23,21,20,43,43
2014-11-23 08:17:49,T17-VM03-Ubuntu32,24,-1,-1,24,22
2014-11-23 08:17:49,T17-VM04-Ubuntu32,25,-1,-1,26,22
2014-11-23 08:17:54,T17-VM01-Ubuntu32,136,2283,55,902,68
2014-11-23 08:17:55,T17-VM03-Ubuntu32,23,-1,-1,22,25
2014-11-23 08:17:55,T17-VM02-Ubuntu32,23,27,22,43,46
2014-11-23 08:17:55,T17-VM04-Ubuntu32,22,-1,-1,21,25
2014-11-23 08:17:59,T17-VM01-Ubuntu32,136,2283,55,902,68
2014-11-23 08:18:01,T17-VM03-Ubuntu32,23,-1,-1,22,25
2014-11-23 08:18:01,T17-VM02-Ubuntu32,23,27,22,43,46
2014-11-23 08:18:01,T17-VM04-Ubuntu32,22,-1,-1,21,25
2014-11-23 08:18:05,T17-VM01-Ubuntu32,136,2283,55,902,68
2014-11-23 08:18:06,T17-VM02-Ubuntu32,23,27,22,43,46
2014-11-23 08:18:06,T17-VM03-Ubuntu32,23,-1,-1,22,25
2014-11-23 08:18:06,T17-VM04-Ubuntu32,22,-1,-1,21,25
2014-11-23 08:18:10,T17-VM01-Ubuntu32,136,2283,55,902,68
2014-11-23 08:18:12,T17-VM02-Ubuntu32,25,21,58,38,25
2014-11-23 08:18:12,T17-VM03-Ubuntu32,26,-1,-1,27,23
2014-11-23 08:18:12,T17-VM04-Ubuntu32,63,-1,-1,26,24
2014-11-23 08:18:16,T17-VM01-Ubuntu32,192,1442,81,155,186
2014-11-23 08:18:18,T17-VM02-Ubuntu32,25,21,58,38,25
2014-11-23 08:18:18,T17-VM04-Ubuntu32,63,-1,-1,26,24
2014-11-23 08:18:18,T17-VM03-Ubuntu32,26,-1,-1,27,23
2014-11-23 08:18:21,T17-VM01-Ubuntu32,192,1442,81,155,186
2014-11-23 08:18:24,T17-VM02-Ubuntu32,25,21,58,38,25
2014-11-23 08:18:24,T17-VM03-Ubuntu32,26,-1,-1,27,23
2014-11-23 08:18:24,T17-VM04-Ubuntu32,63,-1,-1,26,24
2014-11-23 08:18:26,T17-VM01-Ubuntu32,192,1442,81,155,186
2014-11-23 08:18:29,T17-VM02-Ubuntu32,25,21,58,38,25
2014-11-23 08:18:29,T17-VM04-Ubuntu32,63,-1,-1,26,24
2014-11-23 08:18:29,T17-VM03-Ubuntu32,26,-1,-1,27,23
2014-11-23 08:18:32,T17-VM01-Ubuntu32,192,1442,81,155,186
2014-11-23 08:18:34,T17-VM02-Ubuntu32,24,22,21,26,26
2014-11-23 08:18:35,T17-VM04-Ubuntu32,616,-1,-1,26,24
2014-11-23 08:18:35,T17-VM03-Ubuntu32,24,2407,-1,25,25
2014-11-23 08:18:37,T17-VM01-Ubuntu32,188,621,113,87,127
2014-11-23 08:18:40,T17-VM02-Ubuntu32,24,22,21,26,26
2014-11-23 08:18:40,T17-VM04-Ubuntu32,616,-1,-1,26,24
2014-11-23 08:18:40,T17-VM03-Ubuntu32,24,2407,-1,25,25
2014-11-23 08:18:43,T17-VM01-Ubuntu32,188,621,113,87,127
2014-11-23 08:18:45,T17-VM02-Ubuntu32,24,22,21,26,26
2014-11-23 08:18:46,T17-VM04-Ubuntu32,616,-1,-1,26,24
2014-11-23 08:18:46,T17-VM03-Ubuntu32,24,2407,-1,25,25
2014-11-23 08:18:48,T17-VM01-Ubuntu32,188,621,113,87,127
2014-11-23 08:18:50,T17-VM02-Ubuntu32,801,30,22,32,28
2014-11-23 08:18:51,T17-VM03-Ubuntu32,19,1965,-1,30,27
2014-11-23 08:18:51,T17-VM04-Ubuntu32,2116,-1,-1,29,26
2014-11-23 08:18:53,T17-VM01-Ubuntu32,68,646,79,71,222
2014-11-23 08:18:56,T17-VM02-Ubuntu32,801,30,22,32,28
2014-11-23 08:18:57,T17-VM03-Ubuntu32,19,1965,-1,30,27
2014-11-23 08:18:57,T17-VM04-Ubuntu32,2116,-1,-1,29,26
2014-11-23 08:18:59,T17-VM01-Ubuntu32,68,646,79,71,222
2014-11-23 08:19:01,T17-VM02-Ubuntu32,801,30,22,32,28
2014-11-23 08:19:02,T17-VM03-Ubuntu32,19,1965,-1,30,27
2014-11-23 08:19:02,T17-VM04-Ubuntu32,2116,-1,-1,29,26
2014-11-23 08:19:04,T17-VM01-Ubuntu32,68,646,79,71,222
2014-11-23 08:19:06,T17-VM02-Ubuntu32,801,30,22,32,28
2014-11-23 08:19:08,T17-VM04-Ubuntu32,2116,-1,-1,29,26
2014-11-23 08:19:08,T17-VM03-Ubuntu32,19,1965,-1,30,27
2014-11-23 08:19:10,T17-VM01-Ubuntu32,68,646,79,71,222
2014-11-23 08:19:12,T17-VM02-Ubuntu32,472,27,20,43,29
2014-11-23 08:19:13,T17-VM04-Ubuntu32,2257,-1,-1,38,26
2014-11-23 08:19:13,T17-VM03-Ubuntu32,22,61,-1,40,25
2014-11-23 08:19:15,T17-VM01-Ubuntu32,152,206,129,94,197
2014-11-23 08:19:17,T17-VM02-Ubuntu32,472,27,20,43,29
2014-11-23 08:19:19,T17-VM04-Ubuntu32,2257,-1,-1,38,26
2014-11-23 08:19:19,T17-VM03-Ubuntu32,22,61,-1,40,25
2014-11-23 08:19:20,T17-VM01-Ubuntu32,152,206,129,94,197
2014-11-23 08:19:23,T17-VM02-Ubuntu32,472,27,20,43,29
2014-11-23 08:19:24,T17-VM04-Ubuntu32,2257,-1,-1,38,26
2014-11-23 08:19:24,T17-VM03-Ubuntu32,22,61,-1,40,25
2014-11-23 08:19:26,T17-VM01-Ubuntu32,152,206,129,94,197
2014-11-23 08:19:28,T17-VM02-Ubuntu32,472,27,20,43,29
2014-11-23 08:19:30,T17-VM04-Ubuntu32,2257,-1,-1,38,26
2014-11-23 08:19:30,T17-VM03-Ubuntu32,22,61,-1,40,25
2014-11-23 08:19:31,T17-VM01-Ubuntu32,152,206,129,94,197
2014-11-23 08:19:33,T17-VM02-Ubuntu32,292,23,24,31,36
2014-11-23 08:19:36,T17-VM04-Ubuntu32,556,-1,-1,26,26
2014-11-23 08:19:36,T17-VM03-Ubuntu32,33,34,-1,24,24
2014-11-23 08:19:37,T17-VM01-Ubuntu32,190,216,29,73,103
2014-11-23 08:19:39,T17-VM02-Ubuntu32,292,23,24,31,36
2014-11-23 08:19:41,T17-VM03-Ubuntu32,33,34,-1,24,24
2014-11-23 08:19:41,T17-VM04-Ubuntu32,556,-1,-1,26,26
2014-11-23 08:19:42,T17-VM01-Ubuntu32,190,216,29,73,103
2014-11-23 08:19:44,T17-VM02-Ubuntu32,292,23,24,31,36
2014-11-23 08:19:47,T17-VM03-Ubuntu32,33,34,-1,24,24
2014-11-23 08:19:47,T17-VM04-Ubuntu32,556,-1,-1,26,26
2014-11-23 08:19:47,T17-VM01-Ubuntu32,190,216,29,73,103
2014-11-23 08:19:49,T17-VM02-Ubuntu32,292,23,24,31,36
2014-11-23 08:19:52,T17-VM03-Ubuntu32,24,31,-1,24,25
2014-11-23 08:19:52,T17-VM04-Ubuntu32,86,-1,-1,23,26
2014-11-23 08:19:53,T17-VM01-Ubuntu32,167,351,66,157,86
2014-11-23 08:19:55,T17-VM02-Ubuntu32,67,27,24,51,54
2014-11-23 08:19:58,T17-VM03-Ubuntu32,24,31,-1,24,25
2014-11-23 08:19:58,T17-VM04-Ubuntu32,86,-1,-1,23,26
2014-11-23 08:19:58,T17-VM01-Ubuntu32,167,351,66,157,86
2014-11-23 08:20:00,T17-VM02-Ubuntu32,67,27,24,51,54
2014-11-23 08:20:03,T17-VM03-Ubuntu32,24,31,-1,24,25
2014-11-23 08:20:03,T17-VM04-Ubuntu32,86,-1,-1,23,26
2014-11-23 08:20:03,T17-VM01-Ubuntu32,167,351,66,157,86
2014-11-23 08:20:06,T17-VM02-Ubuntu32,67,27,24,51,54
2014-11-23 08:20:09,T17-VM03-Ubuntu32,24,31,-1,24,25
2014-11-23 08:20:09,T17-VM04-Ubuntu32,86,-1,-1,23,26
2014-11-23 08:20:09,T17-VM01-Ubuntu32,167,351,66,157,86
2014-11-23 08:20:11,T17-VM02-Ubuntu32,62,20,21,38,26
2014-11-23 08:20:14,T17-VM03-Ubuntu32,25,22,-1,25,24
2014-11-23 08:20:14,T17-VM04-Ubuntu32,101,1870,-1,25,25
2014-11-23 08:20:14,T17-VM01-Ubuntu32,268,37,35,215,1083
2014-11-23 08:20:16,T17-VM02-Ubuntu32,62,20,21,38,26
2014-11-23 08:20:20,T17-VM03-Ubuntu32,25,22,-1,25,24
2014-11-23 08:20:20,T17-VM04-Ubuntu32,101,1870,-1,25,25
2014-11-23 08:20:20,T17-VM01-Ubuntu32,268,37,35,215,1083
2014-11-23 08:20:22,T17-VM02-Ubuntu32,62,20,21,38,26
2014-11-23 08:20:25,T17-VM03-Ubuntu32,25,22,-1,25,24
2014-11-23 08:20:25,T17-VM04-Ubuntu32,101,1870,-1,25,25
2014-11-23 08:20:25,T17-VM01-Ubuntu32,268,37,35,215,1083
2014-11-23 08:20:27,T17-VM02-Ubuntu32,62,20,21,38,26
2014-11-23 08:20:31,T17-VM01-Ubuntu32,268,37,35,215,1083
2014-11-23 08:20:31,T17-VM04-Ubuntu32,29,1097,-1,25,23
2014-11-23 08:20:31,T17-VM03-Ubuntu32,28,25,-1,24,24
2014-11-23 08:20:33,T17-VM02-Ubuntu32,53,24,21,26,25
2014-11-23 08:20:37,T17-VM01-Ubuntu32,242,63,36,210,85
2014-11-23 08:20:37,T17-VM03-Ubuntu32,28,25,-1,24,24
2014-11-23 08:20:37,T17-VM04-Ubuntu32,29,1097,-1,25,23
2014-11-23 08:20:38,T17-VM02-Ubuntu32,53,24,21,26,25
2014-11-23 08:20:42,T17-VM01-Ubuntu32,242,63,36,210,85
2014-11-23 08:20:42,T17-VM03-Ubuntu32,28,25,-1,24,24
2014-11-23 08:20:42,T17-VM04-Ubuntu32,29,1097,-1,25,23
2014-11-23 08:20:43,T17-VM02-Ubuntu32,53,24,21,26,25
2014-11-23 08:20:48,T17-VM04-Ubuntu32,29,1097,-1,25,23
2014-11-23 08:20:48,T17-VM03-Ubuntu32,28,25,-1,24,24
2014-11-23 08:20:48,T17-VM01-Ubuntu32,242,63,36,210,85
2014-11-23 08:20:49,T17-VM02-Ubuntu32,53,24,21,26,25
2014-11-23 08:20:54,T17-VM04-Ubuntu32,23,846,-1,25,26
2014-11-23 08:20:54,T17-VM01-Ubuntu32,177,121,-1,90,195
2014-11-23 08:20:54,T17-VM03-Ubuntu32,24,31,-1,26,26
2014-11-23 08:20:54,T17-VM02-Ubuntu32,30,31,27,27,30
2014-11-23 08:20:59,T17-VM04-Ubuntu32,23,846,-1,25,26
2014-11-23 08:20:59,T17-VM01-Ubuntu32,177,121,-1,90,195
2014-11-23 08:21:00,T17-VM03-Ubuntu32,24,31,-1,26,26
2014-11-23 08:21:00,T17-VM02-Ubuntu32,30,31,27,27,30
2014-11-23 08:21:05,T17-VM01-Ubuntu32,177,121,-1,90,195
2014-11-23 08:21:05,T17-VM04-Ubuntu32,23,846,-1,25,26
2014-11-23 08:21:05,T17-VM02-Ubuntu32,30,31,27,27,30
2014-11-23 08:21:06,T17-VM03-Ubuntu32,24,31,-1,26,26
2014-11-23 08:21:11,T17-VM04-Ubuntu32,27,30,-1,26,24
2014-11-23 08:21:11,T17-VM03-Ubuntu32,26,27,-1,27,24
2014-11-23 08:21:11,T17-VM01-Ubuntu32,177,121,-1,90,195
2014-11-23 08:21:11,T17-VM02-Ubuntu32,40,23,24,28,24
2014-11-23 08:21:16,T17-VM04-Ubuntu32,27,30,-1,26,24
2014-11-23 08:21:17,T17-VM02-Ubuntu32,40,23,24,28,24
2014-11-23 08:21:17,T17-VM01-Ubuntu32,226,178,-1,109,162
2014-11-23 08:21:17,T17-VM03-Ubuntu32,26,27,-1,27,24
2014-11-23 08:21:22,T17-VM04-Ubuntu32,27,30,-1,26,24
2014-11-23 08:21:23,T17-VM03-Ubuntu32,26,27,-1,27,24
2014-11-23 08:21:23,T17-VM02-Ubuntu32,40,23,24,28,24
2014-11-23 08:21:23,T17-VM01-Ubuntu32,226,178,-1,109,162
2014-11-23 08:21:27,T17-VM04-Ubuntu32,27,30,-1,26,24
2014-11-23 08:21:28,T17-VM03-Ubuntu32,26,27,-1,27,24
2014-11-23 08:21:29,T17-VM01-Ubuntu32,226,178,-1,109,162
2014-11-23 08:21:29,T17-VM02-Ubuntu32,40,23,24,28,24
2014-11-23 08:21:33,T17-VM04-Ubuntu32,26,23,-1,26,21
2014-11-23 08:21:34,T17-VM03-Ubuntu32,26,26,-1,24,23
2014-11-23 08:21:34,T17-VM02-Ubuntu32,50,23,23,27,26
2014-11-23 08:21:34,T17-VM01-Ubuntu32,156,107,-1,323,2140
2014-11-23 08:21:38,T17-VM04-Ubuntu32,26,23,-1,26,21
2014-11-23 08:21:40,T17-VM01-Ubuntu32,156,107,-1,323,2140
2014-11-23 08:21:40,T17-VM02-Ubuntu32,50,23,23,27,26
2014-11-23 08:21:40,T17-VM03-Ubuntu32,26,26,-1,24,23
2014-11-23 08:21:44,T17-VM04-Ubuntu32,26,23,-1,26,21
2014-11-23 08:21:46,T17-VM01-Ubuntu32,156,107,-1,323,2140
2014-11-23 08:21:46,T17-VM03-Ubuntu32,26,26,-1,24,23
2014-11-23 08:21:46,T17-VM02-Ubuntu32,50,23,23,27,26
2014-11-23 08:21:49,T17-VM04-Ubuntu32,26,23,-1,26,21
2014-11-23 08:21:51,T17-VM03-Ubuntu32,26,26,-1,22,25
2014-11-23 08:21:51,T17-VM02-Ubuntu32,35,25,33,43,50
2014-11-23 08:21:51,T17-VM01-Ubuntu32,156,107,-1,323,2140
2014-11-23 08:21:55,T17-VM04-Ubuntu32,23,28,-1,22,25
2014-11-23 08:21:57,T17-VM03-Ubuntu32,26,26,-1,22,25
2014-11-23 08:21:57,T17-VM02-Ubuntu32,35,25,33,43,50
2014-11-23 08:21:57,T17-VM01-Ubuntu32,94,104,-1,790,348
2014-11-23 08:22:00,T17-VM04-Ubuntu32,23,28,-1,22,25
2014-11-23 08:22:02,T17-VM03-Ubuntu32,26,26,-1,22,25
2014-11-23 08:22:02,T17-VM01-Ubuntu32,94,104,-1,790,348
2014-11-23 08:22:02,T17-VM02-Ubuntu32,35,25,33,43,50
2014-11-23 08:22:05,T17-VM04-Ubuntu32,23,28,-1,22,25
2014-11-23 08:22:08,T17-VM03-Ubuntu32,26,26,-1,22,25
2014-11-23 08:22:08,T17-VM01-Ubuntu32,94,104,-1,790,348
2014-11-23 08:22:08,T17-VM02-Ubuntu32,35,25,33,43,50
2014-11-23 08:22:11,T17-VM04-Ubuntu32,29,23,-1,25,25
2014-11-23 08:22:13,T17-VM03-Ubuntu32,30,23,-1,25,24
2014-11-23 08:22:14,T17-VM02-Ubuntu32,40,23,22,46,32
2014-11-23 08:22:14,T17-VM01-Ubuntu32,89,71,-1,68,115
2014-11-23 08:22:16,T17-VM04-Ubuntu32,29,23,-1,25,25
2014-11-23 08:22:19,T17-VM03-Ubuntu32,30,23,-1,25,24
2014-11-23 08:22:19,T17-VM02-Ubuntu32,40,23,22,46,32
2014-11-23 08:22:19,T17-VM01-Ubuntu32,89,71,-1,68,115
2014-11-23 08:22:21,T17-VM04-Ubuntu32,29,23,-1,25,25
2014-11-23 08:22:24,T17-VM03-Ubuntu32,30,23,-1,25,24
2014-11-23 08:22:25,T17-VM02-Ubuntu32,40,23,22,46,32
2014-11-23 08:22:25,T17-VM01-Ubuntu32,89,71,-1,68,115
2014-11-23 08:22:27,T17-VM04-Ubuntu32,29,23,-1,25,25
2014-11-23 08:22:30,T17-VM03-Ubuntu32,30,23,-1,25,24
2014-11-23 08:22:30,T17-VM02-Ubuntu32,40,23,22,46,32
2014-11-23 08:22:30,T17-VM01-Ubuntu32,89,71,-1,68,115
2014-11-23 08:22:32,T17-VM04-Ubuntu32,24,28,-1,24,23
2014-11-23 08:22:35,T17-VM03-Ubuntu32,24,24,-1,23,24
2014-11-23 08:22:36,T17-VM02-Ubuntu32,26,23,21,25,25
2014-11-23 08:22:36,T17-VM01-Ubuntu32,96,83,-1,186,235
2014-11-23 08:22:37,T17-VM04-Ubuntu32,24,28,-1,24,23
2014-11-23 08:22:41,T17-VM03-Ubuntu32,24,24,-1,23,24
2014-11-23 08:22:41,T17-VM01-Ubuntu32,96,83,-1,186,235
2014-11-23 08:22:41,T17-VM02-Ubuntu32,26,23,21,25,25
2014-11-23 08:22:43,T17-VM04-Ubuntu32,24,28,-1,24,23
2014-11-23 08:22:46,T17-VM03-Ubuntu32,24,24,-1,23,24
2014-11-23 08:22:47,T17-VM01-Ubuntu32,96,83,-1,186,235
2014-11-23 08:22:47,T17-VM02-Ubuntu32,26,23,21,25,25
2014-11-23 08:22:48,T17-VM04-Ubuntu32,24,28,-1,24,23
2014-11-23 08:22:51,T17-VM03-Ubuntu32,24,26,-1,25,25
2014-11-23 08:22:52,T17-VM01-Ubuntu32,85,96,-1,127,364
2014-11-23 08:22:52,T17-VM02-Ubuntu32,25,24,26,26,29
2014-11-23 08:22:54,T17-VM04-Ubuntu32,23,28,-1,24,23
2014-11-23 08:22:57,T17-VM03-Ubuntu32,24,26,-1,25,25
2014-11-23 08:22:58,T17-VM01-Ubuntu32,85,96,-1,127,364
2014-11-23 08:22:58,T17-VM02-Ubuntu32,25,24,26,26,29
2014-11-23 08:22:59,T17-VM04-Ubuntu32,23,28,-1,24,23
2014-11-23 08:23:02,T17-VM03-Ubuntu32,24,26,-1,25,25
2014-11-23 08:23:03,T17-VM02-Ubuntu32,25,24,26,26,29
2014-11-23 08:23:03,T17-VM01-Ubuntu32,85,96,-1,127,364
2014-11-23 08:23:04,T17-VM04-Ubuntu32,23,28,-1,24,23
2014-11-23 08:23:08,T17-VM03-Ubuntu32,24,26,-1,25,25
2014-11-23 08:23:09,T17-VM01-Ubuntu32,85,96,-1,127,364
2014-11-23 08:23:09,T17-VM02-Ubuntu32,25,24,26,26,29
2014-11-23 08:23:10,T17-VM04-Ubuntu32,23,28,-1,24,23
2014-11-23 08:23:13,T17-VM03-Ubuntu32,25,25,-1,27,24
2014-11-23 08:23:14,T17-VM01-Ubuntu32,307,102,-1,222,111
2014-11-23 08:23:14,T17-VM02-Ubuntu32,29,21,20,28,24
2014-11-23 08:23:15,T17-VM04-Ubuntu32,24,23,-1,26,24
2014-11-23 08:23:18,T17-VM03-Ubuntu32,25,25,-1,27,24
2014-11-23 08:23:20,T17-VM02-Ubuntu32,29,21,20,28,24
2014-11-23 08:23:20,T17-VM01-Ubuntu32,307,102,-1,222,111
2014-11-23 08:23:21,T17-VM04-Ubuntu32,24,23,-1,26,24
2014-11-23 08:23:24,T17-VM03-Ubuntu32,25,25,-1,27,24
2014-11-23 08:23:25,T17-VM02-Ubuntu32,29,21,20,28,24
2014-11-23 08:23:25,T17-VM01-Ubuntu32,307,102,-1,222,111
2014-11-23 08:23:26,T17-VM04-Ubuntu32,24,23,-1,26,24
2014-11-23 08:23:29,T17-VM03-Ubuntu32,25,25,-1,27,24
2014-11-23 08:23:31,T17-VM02-Ubuntu32,43,23,21,29,25
2014-11-23 08:23:31,T17-VM01-Ubuntu32,307,102,-1,222,111
2014-11-23 08:23:31,T17-VM04-Ubuntu32,26,21,-1,26,23
2014-11-23 08:23:34,T17-VM03-Ubuntu32,24,26,-1,25,22
2014-11-23 08:23:36,T17-VM01-Ubuntu32,253,88,-1,197,79
2014-11-23 08:23:36,T17-VM02-Ubuntu32,43,23,21,29,25
2014-11-23 08:23:37,T17-VM04-Ubuntu32,26,21,-1,26,23
2014-11-23 08:23:40,T17-VM03-Ubuntu32,24,26,-1,25,22
2014-11-23 08:23:42,T17-VM01-Ubuntu32,253,88,-1,197,79
2014-11-23 08:23:42,T17-VM02-Ubuntu32,43,23,21,29,25
2014-11-23 08:23:42,T17-VM04-Ubuntu32,26,21,-1,26,23
2014-11-23 08:23:45,T17-VM03-Ubuntu32,24,26,-1,25,22
2014-11-23 08:23:47,T17-VM02-Ubuntu32,43,23,21,29,25
2014-11-23 08:23:47,T17-VM01-Ubuntu32,253,88,-1,197,79
2014-11-23 08:23:48,T17-VM04-Ubuntu32,26,21,-1,26,23
2014-11-23 08:23:50,T17-VM03-Ubuntu32,22,29,-1,24,24
2014-11-23 08:23:53,T17-VM02-Ubuntu32,43,24,27,36,38
2014-11-23 08:23:53,T17-VM01-Ubuntu32,902,202,2283,103,77
2014-11-23 08:23:53,T17-VM04-Ubuntu32,21,25,-1,26,24
2014-11-23 08:23:56,T17-VM03-Ubuntu32,22,29,-1,24,24
2014-11-23 08:23:59,T17-VM02-Ubuntu32,43,24,27,36,38
2014-11-23 08:23:59,T17-VM04-Ubuntu32,21,25,-1,26,24
2014-11-23 08:23:59,T17-VM01-Ubuntu32,902,202,2283,103,77
2014-11-23 08:24:01,T17-VM03-Ubuntu32,22,29,-1,24,24
2014-11-23 08:24:04,T17-VM02-Ubuntu32,43,24,27,36,38
2014-11-23 08:24:04,T17-VM01-Ubuntu32,902,202,2283,103,77
2014-11-23 08:24:04,T17-VM04-Ubuntu32,21,25,-1,26,24
2014-12-05 01:22:51,T17-VM04-Ubuntu32,321,134,134,131,129
2014-12-05 01:22:51,T17-VM05-Ubuntu32,100,27,28,27,26
2014-12-05 01:22:51,T17-VM01-Ubuntu32,203,159,197,156,135
2014-12-05 01:22:51,T17-VM02-Ubuntu32,313,131,127,128,119
2014-12-05 01:22:51,T17-VM03-Ubuntu32,330,130,140,128,132
2014-12-05 01:22:57,T17-VM02-Ubuntu32,331,139,132,132,131
2014-12-05 01:22:58,T17-VM01-Ubuntu32,255,203,241,112,110
2014-12-05 01:22:58,T17-VM04-Ubuntu32,321,142,137,140,129
2014-12-05 01:22:58,T17-VM05-Ubuntu32,100,27,28,27,26
2014-12-05 01:22:58,T17-VM03-Ubuntu32,398,142,135,152,144
2014-12-05 01:23:03,T17-VM02-Ubuntu32,331,139,132,132,131
2014-12-05 01:23:03,T17-VM04-Ubuntu32,321,142,137,140,129
2014-12-05 01:23:04,T17-VM01-Ubuntu32,255,203,241,112,110
2014-12-05 01:23:04,T17-VM03-Ubuntu32,398,142,135,152,144
2014-12-05 01:23:04,T17-VM05-Ubuntu32,45,30,29,29,31
2014-12-05 01:23:10,T17-VM04-Ubuntu32,321,142,137,140,129
2014-12-05 01:23:10,T17-VM05-Ubuntu32,45,30,29,29,31
2014-12-05 01:23:10,T17-VM02-Ubuntu32,331,139,132,132,131
2014-12-05 01:23:10,T17-VM03-Ubuntu32,398,142,135,152,144
2014-12-05 01:23:10,T17-VM01-Ubuntu32,255,203,241,112,110
2014-12-05 01:23:15,T17-VM04-Ubuntu32,334,133,137,131,129
2014-12-05 01:23:16,T17-VM05-Ubuntu32,45,30,29,29,31
2014-12-05 01:23:16,T17-VM01-Ubuntu32,255,203,241,112,110
2014-12-05 01:23:16,T17-VM03-Ubuntu32,403,133,137,135,134
2014-12-05 01:23:16,T17-VM02-Ubuntu32,332,126,133,125,134
2014-12-05 01:23:20,T17-VM04-Ubuntu32,334,133,137,131,129
2014-12-05 01:23:22,T17-VM01-Ubuntu32,439,224,191,119,122
2014-12-05 01:23:22,T17-VM05-Ubuntu32,45,30,29,29,31
2014-12-05 01:23:22,T17-VM03-Ubuntu32,403,133,137,135,134
2014-12-05 01:23:22,T17-VM02-Ubuntu32,332,126,133,125,134
2014-12-05 01:23:26,T17-VM04-Ubuntu32,334,133,137,131,129
2014-12-05 01:23:28,T17-VM05-Ubuntu32,46,27,27,30,27
2014-12-05 01:23:28,T17-VM02-Ubuntu32,332,126,133,125,134
2014-12-05 01:23:28,T17-VM03-Ubuntu32,403,133,137,135,134
2014-12-05 01:23:28,T17-VM01-Ubuntu32,439,224,191,119,122
2014-12-05 01:23:31,T17-VM04-Ubuntu32,334,133,137,131,129
2014-12-05 01:23:34,T17-VM03-Ubuntu32,403,133,137,135,134
2014-12-05 01:23:34,T17-VM02-Ubuntu32,332,126,133,125,134
2014-12-05 01:23:34,T17-VM05-Ubuntu32,46,27,27,30,27
2014-12-05 01:23:34,T17-VM01-Ubuntu32,439,224,191,119,122
2014-12-05 01:23:37,T17-VM04-Ubuntu32,314,126,136,128,128
2014-12-05 01:23:40,T17-VM03-Ubuntu32,320,135,150,121,126
2014-12-05 01:23:40,T17-VM05-Ubuntu32,46,27,27,30,27
2014-12-05 01:23:40,T17-VM02-Ubuntu32,322,130,129,129,117
2014-12-05 01:23:40,T17-VM01-Ubuntu32,513,218,119,157,178
2014-12-05 01:23:42,T17-VM04-Ubuntu32,314,126,136,128,128
2014-12-05 01:23:46,T17-VM02-Ubuntu32,322,130,129,129,117
2014-12-05 01:23:46,T17-VM01-Ubuntu32,513,218,119,157,178
2014-12-05 01:23:46,T17-VM03-Ubuntu32,320,135,150,121,126
2014-12-05 01:23:46,T17-VM05-Ubuntu32,90,27,28,28,26
2014-12-05 01:23:48,T17-VM04-Ubuntu32,314,126,136,128,128
2014-12-05 01:23:51,T17-VM01-Ubuntu32,513,218,119,157,178
2014-12-05 01:23:51,T17-VM05-Ubuntu32,90,27,28,28,26
2014-12-05 01:23:51,T17-VM02-Ubuntu32,322,130,129,129,117
2014-12-05 01:23:51,T17-VM03-Ubuntu32,320,135,150,121,126
2014-12-05 01:23:54,T17-VM04-Ubuntu32,314,126,136,128,128
2014-12-05 01:23:57,T17-VM03-Ubuntu32,315,149,141,123,129
2014-12-05 01:23:57,T17-VM02-Ubuntu32,391,139,129,124,118
2014-12-05 01:23:57,T17-VM05-Ubuntu32,90,27,28,28,26
2014-12-05 01:23:57,T17-VM01-Ubuntu32,584,136,122,199,216
2014-12-05 01:23:59,T17-VM04-Ubuntu32,333,137,132,130,131
2014-12-05 01:24:02,T17-VM01-Ubuntu32,584,136,122,199,216
2014-12-05 01:24:02,T17-VM05-Ubuntu32,90,27,28,28,26
2014-12-05 01:24:02,T17-VM03-Ubuntu32,315,149,141,123,129
2014-12-05 01:24:02,T17-VM02-Ubuntu32,391,139,129,124,118
2014-12-05 01:24:05,T17-VM04-Ubuntu32,333,137,132,130,131
2014-12-05 01:24:08,T17-VM05-Ubuntu32,90,32,28,26,29
2014-12-05 01:24:08,T17-VM01-Ubuntu32,584,136,122,199,216
2014-12-05 01:24:08,T17-VM02-Ubuntu32,391,139,129,124,118
2014-12-05 01:24:08,T17-VM03-Ubuntu32,315,149,141,123,129
2014-12-05 01:24:10,T17-VM04-Ubuntu32,333,137,132,130,131
2014-12-05 01:24:14,T17-VM01-Ubuntu32,584,136,122,199,216
2014-12-05 01:24:14,T17-VM05-Ubuntu32,90,32,28,26,29
2014-12-05 01:24:14,T17-VM02-Ubuntu32,391,139,129,124,118
2014-12-05 01:24:14,T17-VM03-Ubuntu32,315,149,141,123,129
2014-12-05 01:24:15,T17-VM04-Ubuntu32,335,147,134,121,134
2014-12-05 01:24:19,T17-VM01-Ubuntu32,438,113,140,243,231
2014-12-05 01:24:19,T17-VM05-Ubuntu32,90,32,28,26,29
2014-12-05 01:24:19,T17-VM03-Ubuntu32,332,151,135,131,132
2014-12-05 01:24:19,T17-VM02-Ubuntu32,350,135,135,120,131
2014-12-05 01:24:21,T17-VM04-Ubuntu32,335,147,134,121,134
2014-12-05 01:24:25,T17-VM03-Ubuntu32,332,151,135,131,132
2014-12-05 01:24:25,T17-VM02-Ubuntu32,350,135,135,120,131
2014-12-05 01:24:25,T17-VM05-Ubuntu32,48,27,28,30,27
2014-12-05 01:24:25,T17-VM01-Ubuntu32,438,113,140,243,231
2014-12-05 01:24:26,T17-VM04-Ubuntu32,335,147,134,121,134
2014-12-05 01:24:30,T17-VM03-Ubuntu32,332,151,135,131,132
2014-12-05 01:24:30,T17-VM02-Ubuntu32,350,135,135,120,131
2014-12-05 01:24:31,T17-VM05-Ubuntu32,48,27,28,30,27
2014-12-05 01:24:31,T17-VM01-Ubuntu32,438,113,140,243,231
2014-12-05 01:24:32,T17-VM04-Ubuntu32,335,147,134,121,134
2014-12-05 01:24:36,T17-VM02-Ubuntu32,334,108,131,126,117
2014-12-05 01:24:36,T17-VM03-Ubuntu32,366,132,132,137,128
2014-12-05 01:24:36,T17-VM05-Ubuntu32,48,27,28,30,27
2014-12-05 01:24:36,T17-VM01-Ubuntu32,438,113,140,243,231
2014-12-05 01:24:37,T17-VM04-Ubuntu32,309,125,145,128,126
2014-12-05 01:24:42,T17-VM02-Ubuntu32,334,108,131,126,117
2014-12-05 01:24:42,T17-VM01-Ubuntu32,232,129,214,180,174
2014-12-05 01:24:42,T17-VM03-Ubuntu32,366,132,132,137,128
2014-12-05 01:24:42,T17-VM05-Ubuntu32,48,27,28,30,27
2014-12-05 01:24:42,T17-VM04-Ubuntu32,309,125,145,128,126
2014-12-05 01:24:47,T17-VM01-Ubuntu32,232,129,214,180,174
2014-12-05 01:24:47,T17-VM05-Ubuntu32,185,30,28,27,26
2014-12-05 01:24:47,T17-VM02-Ubuntu32,334,108,131,126,117
2014-12-05 01:24:47,T17-VM03-Ubuntu32,366,132,132,137,128
2014-12-05 01:24:48,T17-VM04-Ubuntu32,309,125,145,128,126
2014-12-05 01:24:53,T17-VM01-Ubuntu32,232,129,214,180,174
2014-12-05 01:24:53,T17-VM02-Ubuntu32,334,108,131,126,117
2014-12-05 01:24:53,T17-VM05-Ubuntu32,185,30,28,27,26
2014-12-05 01:24:53,T17-VM03-Ubuntu32,366,132,132,137,128
2014-12-05 01:24:53,T17-VM04-Ubuntu32,309,125,145,128,126
2014-12-05 01:24:58,T17-VM01-Ubuntu32,275,179,221,122,126
2014-12-05 01:24:59,T17-VM02-Ubuntu32,310,134,129,122,127
2014-12-05 01:24:59,T17-VM05-Ubuntu32,185,30,28,27,26
2014-12-05 01:24:59,T17-VM03-Ubuntu32,298,132,132,146,149
2014-12-05 01:24:59,T17-VM04-Ubuntu32,333,139,137,124,130
2014-12-05 01:25:04,T17-VM01-Ubuntu32,275,179,221,122,126
2014-12-05 01:25:04,T17-VM05-Ubuntu32,55,29,31,27,32
2014-12-05 01:25:05,T17-VM04-Ubuntu32,333,139,137,124,130
2014-12-05 01:25:05,T17-VM03-Ubuntu32,298,132,132,146,149
2014-12-05 01:25:05,T17-VM02-Ubuntu32,310,134,129,122,127
2014-12-05 01:25:09,T17-VM01-Ubuntu32,275,179,221,122,126
2014-12-05 01:25:12,T17-VM02-Ubuntu32,310,134,129,122,127
2014-12-05 01:25:12,T17-VM05-Ubuntu32,55,29,31,27,32
2014-12-05 01:25:12,T17-VM04-Ubuntu32,333,139,137,124,130
2014-12-05 01:25:12,T17-VM03-Ubuntu32,298,132,132,146,149
2014-12-05 01:25:14,T17-VM01-Ubuntu32,275,179,221,122,126
2014-12-05 01:25:18,T17-VM03-Ubuntu32,278,131,136,137,145
2014-12-05 01:25:18,T17-VM04-Ubuntu32,291,133,144,128,142
2014-12-05 01:25:18,T17-VM02-Ubuntu32,284,133,133,117,130
2014-12-05 01:25:18,T17-VM05-Ubuntu32,55,29,31,27,32
2014-12-05 01:25:20,T17-VM01-Ubuntu32,289,208,245,114,119
2014-12-05 01:25:23,T17-VM03-Ubuntu32,278,131,136,137,145
2014-12-05 01:25:23,T17-VM05-Ubuntu32,55,29,31,27,32
2014-12-05 01:25:23,T17-VM04-Ubuntu32,291,133,144,128,142
2014-12-05 01:25:23,T17-VM02-Ubuntu32,284,133,133,117,130
2014-12-05 01:37:45,T17-VM02-Ubuntu32,127,118,125,100,183
2014-12-05 01:37:51,T17-VM02-Ubuntu32,127,118,125,100,183
2014-12-05 01:37:57,T17-VM02-Ubuntu32,131,131,142,84,987
2014-12-05 01:38:02,T17-VM02-Ubuntu32,131,131,142,84,987
2014-12-05 01:38:08,T17-VM02-Ubuntu32,131,131,142,84,987
2014-12-05 01:38:13,T17-VM02-Ubuntu32,131,131,142,84,987
2014-12-05 01:38:19,T17-VM02-Ubuntu32,129,140,133,369,1248
2014-12-05 01:38:24,T17-VM02-Ubuntu32,129,140,133,369,1248
2014-12-05 01:38:30,T17-VM02-Ubuntu32,129,140,133,369,1248
2014-12-05 01:38:35,T17-VM02-Ubuntu32,140,125,134,413,226
2014-12-05 01:38:40,T17-VM02-Ubuntu32,140,125,134,413,226
2014-12-05 01:38:46,T17-VM02-Ubuntu32,140,125,134,413,226
2014-12-05 01:38:51,T17-VM02-Ubuntu32,140,125,134,413,226
2014-12-05 01:38:56,T17-VM02-Ubuntu32,125,127,138,159,653
2014-12-05 01:39:02,T17-VM02-Ubuntu32,125,127,138,159,653
2014-12-05 01:39:07,T17-VM02-Ubuntu32,125,127,138,159,653
2014-12-05 01:39:13,T17-VM02-Ubuntu32,125,127,138,159,653
2014-12-05 01:39:18,T17-VM02-Ubuntu32,120,157,126,158,794
2014-12-05 01:39:23,T17-VM02-Ubuntu32,120,157,126,158,794
2014-12-05 01:39:29,T17-VM02-Ubuntu32,120,157,126,158,794
2014-12-05 01:39:34,T17-VM02-Ubuntu32,120,157,126,158,794
2014-12-05 01:39:40,T17-VM02-Ubuntu32,136,184,128,273,719
2014-12-05 01:39:45,T17-VM02-Ubuntu32,136,184,128,273,719
2014-12-05 01:39:50,T17-VM02-Ubuntu32,136,184,128,273,719
2014-12-05 01:39:56,T17-VM02-Ubuntu32,126,145,124,108,1199
2014-12-05 01:40:01,T17-VM02-Ubuntu32,126,145,124,108,1199
2014-12-05 01:40:06,T17-VM02-Ubuntu32,126,145,124,108,1199
2014-12-05 01:40:12,T17-VM02-Ubuntu32,126,145,124,108,1199
2014-12-05 01:40:17,T17-VM02-Ubuntu32,126,141,141,129,1356
2014-12-05 01:40:23,T17-VM02-Ubuntu32,126,141,141,129,1356
2014-12-05 01:40:28,T17-VM02-Ubuntu32,126,141,141,129,1356
2014-12-05 01:40:34,T17-VM02-Ubuntu32,126,141,141,129,1356
2014-12-05 01:40:39,T17-VM02-Ubuntu32,148,150,137,121,1154
2014-12-05 01:40:45,T17-VM02-Ubuntu32,148,150,137,121,1154
2014-12-05 01:40:50,T17-VM02-Ubuntu32,148,150,137,121,1154
2014-12-05 01:40:56,T17-VM02-Ubuntu32,305,128,152,112,903
2014-12-05 01:41:01,T17-VM02-Ubuntu32,305,128,152,112,903
2014-12-05 01:41:06,T17-VM02-Ubuntu32,305,128,152,112,903
2014-12-05 01:41:12,T17-VM02-Ubuntu32,305,128,152,112,903
2014-12-05 01:41:17,T17-VM02-Ubuntu32,171,166,123,115,1774
2014-12-05 01:41:23,T17-VM02-Ubuntu32,171,166,123,115,1774
2014-12-05 01:41:28,T17-VM02-Ubuntu32,171,166,123,115,1774
2014-12-05 01:41:33,T17-VM02-Ubuntu32,171,166,123,115,1774
2014-12-05 01:41:39,T17-VM02-Ubuntu32,170,122,127,114,1749
2014-12-05 01:41:44,T17-VM02-Ubuntu32,170,122,127,114,1749
2014-12-05 01:41:49,T17-VM02-Ubuntu32,170,122,127,114,1749
2014-12-05 01:41:55,T17-VM02-Ubuntu32,145,124,131,183,1263
2014-12-05 01:42:01,T17-VM02-Ubuntu32,145,124,131,183,1263
2014-12-05 01:42:06,T17-VM02-Ubuntu32,145,124,131,183,1263
2014-12-05 01:42:12,T17-VM02-Ubuntu32,145,124,131,183,1263
2014-12-05 01:42:17,T17-VM02-Ubuntu32,416,128,126,987,1230
2014-12-05 01:42:23,T17-VM02-Ubuntu32,416,128,126,987,1230
2014-12-05 01:42:28,T17-VM02-Ubuntu32,416,128,126,987,1230
2014-12-05 01:42:33,T17-VM02-Ubuntu32,416,128,126,987,1230
2014-12-05 01:42:39,T17-VM02-Ubuntu32,331,113,119,1248,330
2014-12-05 01:42:44,T17-VM02-Ubuntu32,331,113,119,1248,330
2014-12-05 01:42:50,T17-VM02-Ubuntu32,331,113,119,1248,330
2014-12-05 01:42:55,T17-VM02-Ubuntu32,164,117,131,226,72
2014-12-05 01:43:01,T17-VM02-Ubuntu32,164,117,131,226,72
2014-12-05 01:43:06,T17-VM02-Ubuntu32,164,117,131,226,72
2014-12-05 01:43:12,T17-VM02-Ubuntu32,164,117,131,226,72
2014-12-05 01:43:17,T17-VM02-Ubuntu32,104,126,123,653,140
2014-12-05 01:43:22,T17-VM02-Ubuntu32,104,126,123,653,140
2014-12-05 01:43:28,T17-VM02-Ubuntu32,104,126,123,653,140
2014-12-05 01:43:33,T17-VM02-Ubuntu32,104,126,123,653,140
2014-12-05 01:43:39,T17-VM02-Ubuntu32,100,128,118,794,157
2014-12-05 03:50:54,T17-VM02-Ubuntu32,140,176,186,93,189
2014-12-05 03:51:00,T17-VM02-Ubuntu32,106,183,171,137,200
2014-12-05 03:51:08,T17-VM02-Ubuntu32,106,183,171,137,200
2014-12-05 03:51:13,T17-VM02-Ubuntu32,106,183,171,137,200
2014-12-05 03:51:19,T17-VM02-Ubuntu32,93,189,173,117,117
2014-12-05 03:51:25,T17-VM02-Ubuntu32,93,189,173,117,117
2014-12-05 03:51:31,T17-VM02-Ubuntu32,93,189,173,117,117
2014-12-05 03:51:36,T17-VM02-Ubuntu32,187,174,166,141,96
